----------------------------------------
[18.12.2020 | 14:38:01] All frames loaded, count: 188
[18.12.2020 | 14:38:01] Binarization frame 0 complete!
[18.12.2020 | 14:38:01] Binarization frame 1 complete!
[18.12.2020 | 14:38:01] Binarization frame 2 complete!
[18.12.2020 | 14:38:01] Binarization frame 3 complete!
[18.12.2020 | 14:38:01] Binarization frame 4 complete!
[18.12.2020 | 14:38:01] Binarization frame 5 complete!
[18.12.2020 | 14:38:01] Binarization frame 6 complete!
[18.12.2020 | 14:38:01] Binarization frame 7 complete!
[18.12.2020 | 14:38:01] Binarization frame 8 complete!
[18.12.2020 | 14:38:01] Binarization frame 9 complete!
[18.12.2020 | 14:38:01] Binarization frame 10 complete!
[18.12.2020 | 14:38:01] Binarization frame 11 complete!
[18.12.2020 | 14:38:01] Binarization frame 12 complete!
[18.12.2020 | 14:38:01] Binarization frame 13 complete!
[18.12.2020 | 14:38:01] Binarization frame 14 complete!
[18.12.2020 | 14:38:01] Binarization frame 15 complete!
[18.12.2020 | 14:38:01] Binarization frame 16 complete!
[18.12.2020 | 14:38:01] Binarization frame 17 complete!
[18.12.2020 | 14:38:01] Binarization frame 18 complete!
[18.12.2020 | 14:38:01] Binarization frame 19 complete!
[18.12.2020 | 14:38:01] Binarization frame 20 complete!
[18.12.2020 | 14:38:01] Binarization frame 21 complete!
[18.12.2020 | 14:38:01] Binarization frame 22 complete!
[18.12.2020 | 14:38:01] Binarization frame 23 complete!
[18.12.2020 | 14:38:01] Binarization frame 24 complete!
[18.12.2020 | 14:38:01] Binarization frame 25 complete!
[18.12.2020 | 14:38:01] Binarization frame 26 complete!
[18.12.2020 | 14:38:01] Binarization frame 27 complete!
[18.12.2020 | 14:38:01] Binarization frame 28 complete!
[18.12.2020 | 14:38:01] Binarization frame 29 complete!
[18.12.2020 | 14:38:01] Binarization frame 30 complete!
[18.12.2020 | 14:38:01] Binarization frame 31 complete!
[18.12.2020 | 14:38:01] Binarization frame 32 complete!
[18.12.2020 | 14:38:01] Binarization frame 33 complete!
[18.12.2020 | 14:38:01] Binarization frame 34 complete!
[18.12.2020 | 14:38:01] Binarization frame 35 complete!
[18.12.2020 | 14:38:01] Binarization frame 36 complete!
[18.12.2020 | 14:38:01] Binarization frame 37 complete!
[18.12.2020 | 14:38:01] Binarization frame 38 complete!
[18.12.2020 | 14:38:01] Binarization frame 39 complete!
[18.12.2020 | 14:38:01] Binarization frame 40 complete!
[18.12.2020 | 14:38:01] Binarization frame 41 complete!
[18.12.2020 | 14:38:01] Binarization frame 42 complete!
[18.12.2020 | 14:38:01] Binarization frame 43 complete!
[18.12.2020 | 14:38:01] Binarization frame 44 complete!
[18.12.2020 | 14:38:01] Binarization frame 45 complete!
[18.12.2020 | 14:38:01] Binarization frame 46 complete!
[18.12.2020 | 14:38:01] Binarization frame 47 complete!
[18.12.2020 | 14:38:01] Binarization frame 48 complete!
[18.12.2020 | 14:38:01] Binarization frame 49 complete!
[18.12.2020 | 14:38:01] Binarization frame 50 complete!
[18.12.2020 | 14:38:01] Binarization frame 51 complete!
[18.12.2020 | 14:38:01] Binarization frame 52 complete!
[18.12.2020 | 14:38:01] Binarization frame 53 complete!
[18.12.2020 | 14:38:01] Binarization frame 54 complete!
[18.12.2020 | 14:38:01] Binarization frame 55 complete!
[18.12.2020 | 14:38:01] Binarization frame 56 complete!
[18.12.2020 | 14:38:01] Binarization frame 57 complete!
[18.12.2020 | 14:38:01] Binarization frame 58 complete!
[18.12.2020 | 14:38:01] Binarization frame 59 complete!
[18.12.2020 | 14:38:01] Binarization frame 60 complete!
[18.12.2020 | 14:38:01] Binarization frame 61 complete!
[18.12.2020 | 14:38:01] Binarization frame 62 complete!
[18.12.2020 | 14:38:01] Binarization frame 63 complete!
[18.12.2020 | 14:38:01] Binarization frame 64 complete!
[18.12.2020 | 14:38:01] Binarization frame 65 complete!
[18.12.2020 | 14:38:01] Binarization frame 66 complete!
[18.12.2020 | 14:38:01] Binarization frame 67 complete!
[18.12.2020 | 14:38:01] Binarization frame 68 complete!
[18.12.2020 | 14:38:01] Binarization frame 69 complete!
[18.12.2020 | 14:38:01] Binarization frame 70 complete!
[18.12.2020 | 14:38:01] Binarization frame 71 complete!
[18.12.2020 | 14:38:01] Binarization frame 72 complete!
[18.12.2020 | 14:38:01] Binarization frame 73 complete!
[18.12.2020 | 14:38:01] Binarization frame 74 complete!
[18.12.2020 | 14:38:01] Binarization frame 75 complete!
[18.12.2020 | 14:38:01] Binarization frame 76 complete!
[18.12.2020 | 14:38:01] Binarization frame 77 complete!
[18.12.2020 | 14:38:01] Binarization frame 78 complete!
[18.12.2020 | 14:38:01] Binarization frame 79 complete!
[18.12.2020 | 14:38:01] Binarization frame 80 complete!
[18.12.2020 | 14:38:01] Binarization frame 81 complete!
[18.12.2020 | 14:38:01] Binarization frame 82 complete!
[18.12.2020 | 14:38:01] Binarization frame 83 complete!
[18.12.2020 | 14:38:01] Binarization frame 84 complete!
[18.12.2020 | 14:38:01] Binarization frame 85 complete!
[18.12.2020 | 14:38:01] Binarization frame 86 complete!
[18.12.2020 | 14:38:01] Binarization frame 87 complete!
[18.12.2020 | 14:38:01] Binarization frame 88 complete!
[18.12.2020 | 14:38:01] Binarization frame 89 complete!
[18.12.2020 | 14:38:01] Binarization frame 90 complete!
[18.12.2020 | 14:38:01] Binarization frame 91 complete!
[18.12.2020 | 14:38:01] Binarization frame 92 complete!
[18.12.2020 | 14:38:01] Binarization frame 93 complete!
[18.12.2020 | 14:38:01] Binarization frame 94 complete!
[18.12.2020 | 14:38:01] Binarization frame 95 complete!
[18.12.2020 | 14:38:01] Binarization frame 96 complete!
[18.12.2020 | 14:38:01] Binarization frame 97 complete!
[18.12.2020 | 14:38:01] Binarization frame 98 complete!
[18.12.2020 | 14:38:01] Binarization frame 99 complete!
[18.12.2020 | 14:38:01] Binarization frame 100 complete!
[18.12.2020 | 14:38:01] Binarization frame 101 complete!
[18.12.2020 | 14:38:01] Binarization frame 102 complete!
[18.12.2020 | 14:38:01] Binarization frame 103 complete!
[18.12.2020 | 14:38:01] Binarization frame 104 complete!
[18.12.2020 | 14:38:01] Binarization frame 105 complete!
[18.12.2020 | 14:38:01] Binarization frame 106 complete!
[18.12.2020 | 14:38:01] Binarization frame 107 complete!
[18.12.2020 | 14:38:01] Binarization frame 108 complete!
[18.12.2020 | 14:38:01] Binarization frame 109 complete!
[18.12.2020 | 14:38:01] Binarization frame 110 complete!
[18.12.2020 | 14:38:01] Binarization frame 111 complete!
[18.12.2020 | 14:38:01] Binarization frame 112 complete!
[18.12.2020 | 14:38:01] Binarization frame 113 complete!
[18.12.2020 | 14:38:01] Binarization frame 114 complete!
[18.12.2020 | 14:38:01] Binarization frame 115 complete!
[18.12.2020 | 14:38:01] Binarization frame 116 complete!
[18.12.2020 | 14:38:01] Binarization frame 117 complete!
[18.12.2020 | 14:38:01] Binarization frame 118 complete!
[18.12.2020 | 14:38:01] Binarization frame 119 complete!
[18.12.2020 | 14:38:01] Binarization frame 120 complete!
[18.12.2020 | 14:38:01] Binarization frame 121 complete!
[18.12.2020 | 14:38:01] Binarization frame 122 complete!
[18.12.2020 | 14:38:01] Binarization frame 123 complete!
[18.12.2020 | 14:38:01] Binarization frame 124 complete!
[18.12.2020 | 14:38:01] Binarization frame 125 complete!
[18.12.2020 | 14:38:01] Binarization frame 126 complete!
[18.12.2020 | 14:38:01] Binarization frame 127 complete!
[18.12.2020 | 14:38:01] Binarization frame 128 complete!
[18.12.2020 | 14:38:01] Binarization frame 129 complete!
[18.12.2020 | 14:38:01] Binarization frame 130 complete!
[18.12.2020 | 14:38:01] Binarization frame 131 complete!
[18.12.2020 | 14:38:01] Binarization frame 132 complete!
[18.12.2020 | 14:38:01] Binarization frame 133 complete!
[18.12.2020 | 14:38:01] Binarization frame 134 complete!
[18.12.2020 | 14:38:01] Binarization frame 135 complete!
[18.12.2020 | 14:38:01] Binarization frame 136 complete!
[18.12.2020 | 14:38:01] Binarization frame 137 complete!
[18.12.2020 | 14:38:01] Binarization frame 138 complete!
[18.12.2020 | 14:38:01] Binarization frame 139 complete!
[18.12.2020 | 14:38:01] Binarization frame 140 complete!
[18.12.2020 | 14:38:01] Binarization frame 141 complete!
[18.12.2020 | 14:38:01] Binarization frame 142 complete!
[18.12.2020 | 14:38:01] Binarization frame 143 complete!
[18.12.2020 | 14:38:01] Binarization frame 144 complete!
[18.12.2020 | 14:38:01] Binarization frame 145 complete!
[18.12.2020 | 14:38:01] Binarization frame 146 complete!
[18.12.2020 | 14:38:01] Binarization frame 147 complete!
[18.12.2020 | 14:38:01] Binarization frame 148 complete!
[18.12.2020 | 14:38:01] Binarization frame 149 complete!
[18.12.2020 | 14:38:01] Binarization frame 150 complete!
[18.12.2020 | 14:38:01] Binarization frame 151 complete!
[18.12.2020 | 14:38:01] Binarization frame 152 complete!
[18.12.2020 | 14:38:01] Binarization frame 153 complete!
[18.12.2020 | 14:38:01] Binarization frame 154 complete!
[18.12.2020 | 14:38:01] Binarization frame 155 complete!
[18.12.2020 | 14:38:01] Binarization frame 156 complete!
[18.12.2020 | 14:38:01] Binarization frame 157 complete!
[18.12.2020 | 14:38:01] Binarization frame 158 complete!
[18.12.2020 | 14:38:01] Binarization frame 159 complete!
[18.12.2020 | 14:38:01] Binarization frame 160 complete!
[18.12.2020 | 14:38:01] Binarization frame 161 complete!
[18.12.2020 | 14:38:01] Binarization frame 162 complete!
[18.12.2020 | 14:38:01] Binarization frame 163 complete!
[18.12.2020 | 14:38:01] Binarization frame 164 complete!
[18.12.2020 | 14:38:01] Binarization frame 165 complete!
[18.12.2020 | 14:38:01] Binarization frame 166 complete!
[18.12.2020 | 14:38:01] Binarization frame 167 complete!
[18.12.2020 | 14:38:01] Binarization frame 168 complete!
[18.12.2020 | 14:38:01] Binarization frame 169 complete!
[18.12.2020 | 14:38:01] Binarization frame 170 complete!
[18.12.2020 | 14:38:01] Binarization frame 171 complete!
[18.12.2020 | 14:38:01] Binarization frame 172 complete!
[18.12.2020 | 14:38:01] Binarization frame 173 complete!
[18.12.2020 | 14:38:01] Binarization frame 174 complete!
[18.12.2020 | 14:38:01] Binarization frame 175 complete!
[18.12.2020 | 14:38:01] Binarization frame 176 complete!
[18.12.2020 | 14:38:01] Binarization frame 177 complete!
[18.12.2020 | 14:38:01] Binarization frame 178 complete!
[18.12.2020 | 14:38:01] Binarization frame 179 complete!
[18.12.2020 | 14:38:01] Binarization frame 180 complete!
[18.12.2020 | 14:38:01] Binarization frame 181 complete!
[18.12.2020 | 14:38:01] Binarization frame 182 complete!
[18.12.2020 | 14:38:01] Binarization frame 183 complete!
[18.12.2020 | 14:38:01] Binarization frame 184 complete!
[18.12.2020 | 14:38:01] Binarization frame 185 complete!
[18.12.2020 | 14:38:01] Binarization frame 186 complete!
[18.12.2020 | 14:38:01] Binarization frame 187 complete!
[18.12.2020 | 14:38:01] Binarization is done! Time spent: 524ms
[18.12.2020 | 14:38:01] Calculation frame 0 complete!
[18.12.2020 | 14:38:01] Calculation frame 1 complete!
[18.12.2020 | 14:38:01] Calculation frame 2 complete!
[18.12.2020 | 14:38:01] Calculation frame 3 complete!
[18.12.2020 | 14:38:01] Calculation frame 4 complete!
[18.12.2020 | 14:38:01] Calculation frame 5 complete!
[18.12.2020 | 14:38:01] Calculation frame 6 complete!
[18.12.2020 | 14:38:01] Calculation frame 7 complete!
[18.12.2020 | 14:38:01] Calculation frame 8 complete!
[18.12.2020 | 14:38:01] Calculation frame 9 complete!
[18.12.2020 | 14:38:01] Calculation frame 10 complete!
[18.12.2020 | 14:38:01] Calculation frame 11 complete!
[18.12.2020 | 14:38:01] Calculation frame 12 complete!
[18.12.2020 | 14:38:01] Calculation frame 13 complete!
[18.12.2020 | 14:38:01] Calculation frame 14 complete!
[18.12.2020 | 14:38:01] Calculation frame 15 complete!
[18.12.2020 | 14:38:01] Calculation frame 16 complete!
[18.12.2020 | 14:38:01] Calculation frame 17 complete!
[18.12.2020 | 14:38:01] Calculation frame 18 complete!
[18.12.2020 | 14:38:01] Calculation frame 19 complete!
[18.12.2020 | 14:38:01] Calculation frame 20 complete!
[18.12.2020 | 14:38:01] Calculation frame 21 complete!
[18.12.2020 | 14:38:01] Calculation frame 22 complete!
[18.12.2020 | 14:38:01] Calculation frame 23 complete!
[18.12.2020 | 14:38:01] Calculation frame 24 complete!
[18.12.2020 | 14:38:01] Calculation frame 25 complete!
[18.12.2020 | 14:38:01] Calculation frame 26 complete!
[18.12.2020 | 14:38:01] Calculation frame 27 complete!
[18.12.2020 | 14:38:01] Calculation frame 28 complete!
[18.12.2020 | 14:38:01] Calculation frame 29 complete!
[18.12.2020 | 14:38:01] Calculation frame 30 complete!
[18.12.2020 | 14:38:01] Calculation frame 31 complete!
[18.12.2020 | 14:38:01] Calculation frame 32 complete!
[18.12.2020 | 14:38:01] Calculation frame 33 complete!
[18.12.2020 | 14:38:01] Calculation frame 34 complete!
[18.12.2020 | 14:38:01] Calculation frame 35 complete!
[18.12.2020 | 14:38:01] Calculation frame 36 complete!
[18.12.2020 | 14:38:01] Calculation frame 37 complete!
[18.12.2020 | 14:38:01] Calculation frame 38 complete!
[18.12.2020 | 14:38:01] Calculation frame 39 complete!
[18.12.2020 | 14:38:01] Calculation frame 40 complete!
[18.12.2020 | 14:38:01] Calculation frame 41 complete!
[18.12.2020 | 14:38:01] Calculation frame 42 complete!
[18.12.2020 | 14:38:01] Calculation frame 43 complete!
[18.12.2020 | 14:38:01] Calculation frame 44 complete!
[18.12.2020 | 14:38:01] Calculation frame 45 complete!
[18.12.2020 | 14:38:01] Calculation frame 46 complete!
[18.12.2020 | 14:38:01] Calculation frame 47 complete!
[18.12.2020 | 14:38:01] Calculation frame 48 complete!
[18.12.2020 | 14:38:01] Calculation frame 49 complete!
[18.12.2020 | 14:38:01] Calculation frame 50 complete!
[18.12.2020 | 14:38:01] Calculation frame 51 complete!
[18.12.2020 | 14:38:01] Calculation frame 52 complete!
[18.12.2020 | 14:38:01] Calculation frame 53 complete!
[18.12.2020 | 14:38:01] Calculation frame 54 complete!
[18.12.2020 | 14:38:01] Calculation frame 55 complete!
[18.12.2020 | 14:38:01] Calculation frame 56 complete!
[18.12.2020 | 14:38:01] Calculation frame 57 complete!
[18.12.2020 | 14:38:01] Calculation frame 58 complete!
[18.12.2020 | 14:38:01] Calculation frame 59 complete!
[18.12.2020 | 14:38:01] Calculation frame 60 complete!
[18.12.2020 | 14:38:01] Calculation frame 61 complete!
[18.12.2020 | 14:38:01] Calculation frame 62 complete!
[18.12.2020 | 14:38:01] Calculation frame 63 complete!
[18.12.2020 | 14:38:01] Calculation frame 64 complete!
[18.12.2020 | 14:38:01] Calculation frame 65 complete!
[18.12.2020 | 14:38:01] Calculation frame 66 complete!
[18.12.2020 | 14:38:01] Calculation frame 67 complete!
[18.12.2020 | 14:38:01] Calculation frame 68 complete!
[18.12.2020 | 14:38:01] Calculation frame 69 complete!
[18.12.2020 | 14:38:01] Calculation frame 70 complete!
[18.12.2020 | 14:38:01] Calculation frame 71 complete!
[18.12.2020 | 14:38:01] Calculation frame 72 complete!
[18.12.2020 | 14:38:01] Calculation frame 73 complete!
[18.12.2020 | 14:38:01] Calculation frame 74 complete!
[18.12.2020 | 14:38:01] Calculation frame 75 complete!
[18.12.2020 | 14:38:01] Calculation frame 76 complete!
[18.12.2020 | 14:38:01] Calculation frame 77 complete!
[18.12.2020 | 14:38:01] Calculation frame 78 complete!
[18.12.2020 | 14:38:01] Calculation frame 79 complete!
[18.12.2020 | 14:38:01] Calculation frame 80 complete!
[18.12.2020 | 14:38:01] Calculation frame 81 complete!
[18.12.2020 | 14:38:01] Calculation frame 82 complete!
[18.12.2020 | 14:38:01] Calculation frame 83 complete!
[18.12.2020 | 14:38:01] Calculation frame 84 complete!
[18.12.2020 | 14:38:01] Calculation frame 85 complete!
[18.12.2020 | 14:38:01] Calculation frame 86 complete!
[18.12.2020 | 14:38:01] Calculation frame 87 complete!
[18.12.2020 | 14:38:01] Calculation frame 88 complete!
[18.12.2020 | 14:38:01] Calculation frame 89 complete!
[18.12.2020 | 14:38:01] Calculation frame 90 complete!
[18.12.2020 | 14:38:01] Calculation frame 91 complete!
[18.12.2020 | 14:38:01] Calculation frame 92 complete!
[18.12.2020 | 14:38:01] Calculation frame 93 complete!
[18.12.2020 | 14:38:01] Calculation frame 94 complete!
[18.12.2020 | 14:38:01] Calculation frame 95 complete!
[18.12.2020 | 14:38:01] Calculation frame 96 complete!
[18.12.2020 | 14:38:01] Calculation frame 97 complete!
[18.12.2020 | 14:38:01] Calculation frame 98 complete!
[18.12.2020 | 14:38:01] Calculation frame 99 complete!
[18.12.2020 | 14:38:01] Calculation frame 100 complete!
[18.12.2020 | 14:38:01] Calculation frame 101 complete!
[18.12.2020 | 14:38:01] Calculation frame 102 complete!
[18.12.2020 | 14:38:01] Calculation frame 103 complete!
[18.12.2020 | 14:38:01] Calculation frame 104 complete!
[18.12.2020 | 14:38:01] Calculation frame 105 complete!
[18.12.2020 | 14:38:01] Calculation frame 106 complete!
[18.12.2020 | 14:38:01] Calculation frame 107 complete!
[18.12.2020 | 14:38:01] Calculation frame 108 complete!
[18.12.2020 | 14:38:01] Calculation frame 109 complete!
[18.12.2020 | 14:38:01] Calculation frame 110 complete!
[18.12.2020 | 14:38:01] Calculation frame 111 complete!
[18.12.2020 | 14:38:01] Calculation frame 112 complete!
[18.12.2020 | 14:38:01] Calculation frame 113 complete!
[18.12.2020 | 14:38:01] Calculation frame 114 complete!
[18.12.2020 | 14:38:01] Calculation frame 115 complete!
[18.12.2020 | 14:38:01] Calculation frame 116 complete!
[18.12.2020 | 14:38:01] Calculation frame 117 complete!
[18.12.2020 | 14:38:01] Calculation frame 118 complete!
[18.12.2020 | 14:38:01] Calculation frame 119 complete!
[18.12.2020 | 14:38:01] Calculation frame 120 complete!
[18.12.2020 | 14:38:01] Calculation frame 121 complete!
[18.12.2020 | 14:38:01] Calculation frame 122 complete!
[18.12.2020 | 14:38:01] Calculation frame 123 complete!
[18.12.2020 | 14:38:01] Calculation frame 124 complete!
[18.12.2020 | 14:38:01] Calculation frame 125 complete!
[18.12.2020 | 14:38:01] Calculation frame 126 complete!
[18.12.2020 | 14:38:01] Calculation frame 127 complete!
[18.12.2020 | 14:38:01] Calculation frame 128 complete!
[18.12.2020 | 14:38:01] Calculation frame 129 complete!
[18.12.2020 | 14:38:01] Calculation frame 130 complete!
[18.12.2020 | 14:38:01] Calculation frame 131 complete!
[18.12.2020 | 14:38:01] Calculation frame 132 complete!
[18.12.2020 | 14:38:01] Calculation frame 133 complete!
[18.12.2020 | 14:38:01] Calculation frame 134 complete!
[18.12.2020 | 14:38:01] Calculation frame 135 complete!
[18.12.2020 | 14:38:01] Calculation frame 136 complete!
[18.12.2020 | 14:38:01] Calculation frame 137 complete!
[18.12.2020 | 14:38:01] Calculation frame 138 complete!
[18.12.2020 | 14:38:01] Calculation frame 139 complete!
[18.12.2020 | 14:38:01] Calculation frame 140 complete!
[18.12.2020 | 14:38:01] Calculation frame 141 complete!
[18.12.2020 | 14:38:01] Calculation frame 142 complete!
[18.12.2020 | 14:38:01] Calculation frame 143 complete!
[18.12.2020 | 14:38:01] Calculation frame 144 complete!
[18.12.2020 | 14:38:01] Calculation frame 145 complete!
[18.12.2020 | 14:38:01] Calculation frame 146 complete!
[18.12.2020 | 14:38:01] Calculation frame 147 complete!
[18.12.2020 | 14:38:01] Calculation frame 148 complete!
[18.12.2020 | 14:38:01] Calculation frame 149 complete!
[18.12.2020 | 14:38:01] Calculation frame 150 complete!
[18.12.2020 | 14:38:01] Calculation frame 151 complete!
[18.12.2020 | 14:38:01] Calculation frame 152 complete!
[18.12.2020 | 14:38:01] Calculation frame 153 complete!
[18.12.2020 | 14:38:01] Calculation frame 154 complete!
[18.12.2020 | 14:38:01] Calculation frame 155 complete!
[18.12.2020 | 14:38:01] Calculation frame 156 complete!
[18.12.2020 | 14:38:01] Calculation frame 157 complete!
[18.12.2020 | 14:38:01] Calculation frame 158 complete!
[18.12.2020 | 14:38:01] Calculation frame 159 complete!
[18.12.2020 | 14:38:01] Calculation frame 160 complete!
[18.12.2020 | 14:38:01] Calculation frame 161 complete!
[18.12.2020 | 14:38:01] Calculation frame 162 complete!
[18.12.2020 | 14:38:01] Calculation frame 163 complete!
[18.12.2020 | 14:38:01] Calculation frame 164 complete!
[18.12.2020 | 14:38:01] Calculation frame 165 complete!
[18.12.2020 | 14:38:01] Calculation frame 166 complete!
[18.12.2020 | 14:38:01] Calculation frame 167 complete!
[18.12.2020 | 14:38:01] Calculation frame 168 complete!
[18.12.2020 | 14:38:01] Calculation frame 169 complete!
[18.12.2020 | 14:38:01] Calculation frame 170 complete!
[18.12.2020 | 14:38:01] Calculation frame 171 complete!
[18.12.2020 | 14:38:01] Calculation frame 172 complete!
[18.12.2020 | 14:38:01] Calculation frame 173 complete!
[18.12.2020 | 14:38:01] Calculation frame 174 complete!
[18.12.2020 | 14:38:01] Calculation frame 175 complete!
[18.12.2020 | 14:38:01] Calculation frame 176 complete!
[18.12.2020 | 14:38:01] Calculation frame 177 complete!
[18.12.2020 | 14:38:01] Calculation frame 178 complete!
[18.12.2020 | 14:38:01] Calculation frame 179 complete!
[18.12.2020 | 14:38:01] Calculation frame 180 complete!
[18.12.2020 | 14:38:01] Calculation frame 181 complete!
[18.12.2020 | 14:38:01] Calculation frame 182 complete!
[18.12.2020 | 14:38:01] Calculation frame 183 complete!
[18.12.2020 | 14:38:01] Calculation frame 184 complete!
[18.12.2020 | 14:38:01] Calculation frame 185 complete!
[18.12.2020 | 14:38:01] Calculation frame 186 complete!
[18.12.2020 | 14:38:01] Calculation frame 187 complete!
[18.12.2020 | 14:38:01] Calculation is done! Time spent: 266ms
[18.12.2020 | 14:38:01] Binarization frame 0 complete!
[18.12.2020 | 14:38:01] Binarization frame 1 complete!
[18.12.2020 | 14:38:01] Binarization frame 2 complete!
[18.12.2020 | 14:38:01] Binarization frame 3 complete!
[18.12.2020 | 14:38:01] Binarization frame 4 complete!
[18.12.2020 | 14:38:01] Binarization frame 5 complete!
[18.12.2020 | 14:38:01] Binarization frame 6 complete!
[18.12.2020 | 14:38:01] Binarization frame 7 complete!
[18.12.2020 | 14:38:01] Binarization frame 8 complete!
[18.12.2020 | 14:38:01] Binarization frame 9 complete!
[18.12.2020 | 14:38:01] Binarization frame 10 complete!
[18.12.2020 | 14:38:01] Binarization frame 11 complete!
[18.12.2020 | 14:38:01] Binarization frame 12 complete!
[18.12.2020 | 14:38:01] Binarization frame 13 complete!
[18.12.2020 | 14:38:01] Binarization frame 14 complete!
[18.12.2020 | 14:38:01] Binarization frame 15 complete!
[18.12.2020 | 14:38:01] Binarization frame 16 complete!
[18.12.2020 | 14:38:01] Binarization frame 17 complete!
[18.12.2020 | 14:38:01] Binarization frame 18 complete!
[18.12.2020 | 14:38:01] Binarization frame 19 complete!
[18.12.2020 | 14:38:01] Binarization frame 20 complete!
[18.12.2020 | 14:38:01] Binarization frame 21 complete!
[18.12.2020 | 14:38:01] Binarization frame 22 complete!
[18.12.2020 | 14:38:01] Binarization frame 23 complete!
[18.12.2020 | 14:38:01] Binarization frame 24 complete!
[18.12.2020 | 14:38:01] Binarization frame 25 complete!
[18.12.2020 | 14:38:01] Binarization frame 26 complete!
[18.12.2020 | 14:38:01] Binarization frame 27 complete!
[18.12.2020 | 14:38:01] Binarization frame 28 complete!
[18.12.2020 | 14:38:01] Binarization frame 29 complete!
[18.12.2020 | 14:38:01] Binarization frame 30 complete!
[18.12.2020 | 14:38:01] Binarization frame 31 complete!
[18.12.2020 | 14:38:01] Binarization frame 32 complete!
[18.12.2020 | 14:38:01] Binarization frame 33 complete!
[18.12.2020 | 14:38:01] Binarization frame 34 complete!
[18.12.2020 | 14:38:01] Binarization frame 35 complete!
[18.12.2020 | 14:38:01] Binarization frame 36 complete!
[18.12.2020 | 14:38:01] Binarization frame 37 complete!
[18.12.2020 | 14:38:01] Binarization frame 38 complete!
[18.12.2020 | 14:38:01] Binarization frame 39 complete!
[18.12.2020 | 14:38:01] Binarization frame 40 complete!
[18.12.2020 | 14:38:01] Binarization frame 41 complete!
[18.12.2020 | 14:38:01] Binarization frame 42 complete!
[18.12.2020 | 14:38:01] Binarization frame 43 complete!
[18.12.2020 | 14:38:01] Binarization frame 44 complete!
[18.12.2020 | 14:38:01] Binarization frame 45 complete!
[18.12.2020 | 14:38:01] Binarization frame 46 complete!
[18.12.2020 | 14:38:01] Binarization frame 47 complete!
[18.12.2020 | 14:38:01] Binarization frame 48 complete!
[18.12.2020 | 14:38:01] Binarization frame 49 complete!
[18.12.2020 | 14:38:01] Binarization frame 50 complete!
[18.12.2020 | 14:38:01] Binarization frame 51 complete!
[18.12.2020 | 14:38:01] Binarization frame 52 complete!
[18.12.2020 | 14:38:01] Binarization frame 53 complete!
[18.12.2020 | 14:38:01] Binarization frame 54 complete!
[18.12.2020 | 14:38:01] Binarization frame 55 complete!
[18.12.2020 | 14:38:01] Binarization frame 56 complete!
[18.12.2020 | 14:38:01] Binarization frame 57 complete!
[18.12.2020 | 14:38:01] Binarization frame 58 complete!
[18.12.2020 | 14:38:01] Binarization frame 59 complete!
[18.12.2020 | 14:38:01] Binarization frame 60 complete!
[18.12.2020 | 14:38:01] Binarization frame 61 complete!
[18.12.2020 | 14:38:01] Binarization frame 62 complete!
[18.12.2020 | 14:38:01] Binarization frame 63 complete!
[18.12.2020 | 14:38:01] Binarization frame 64 complete!
[18.12.2020 | 14:38:01] Binarization frame 65 complete!
[18.12.2020 | 14:38:01] Binarization frame 66 complete!
[18.12.2020 | 14:38:01] Binarization frame 67 complete!
[18.12.2020 | 14:38:01] Binarization frame 68 complete!
[18.12.2020 | 14:38:01] Binarization frame 69 complete!
[18.12.2020 | 14:38:01] Binarization frame 70 complete!
[18.12.2020 | 14:38:01] Binarization frame 71 complete!
[18.12.2020 | 14:38:01] Binarization frame 72 complete!
[18.12.2020 | 14:38:01] Binarization frame 73 complete!
[18.12.2020 | 14:38:01] Binarization frame 74 complete!
[18.12.2020 | 14:38:01] Binarization frame 75 complete!
[18.12.2020 | 14:38:01] Binarization frame 76 complete!
[18.12.2020 | 14:38:01] Binarization frame 77 complete!
[18.12.2020 | 14:38:01] Binarization frame 78 complete!
[18.12.2020 | 14:38:01] Binarization frame 79 complete!
[18.12.2020 | 14:38:01] Binarization frame 80 complete!
[18.12.2020 | 14:38:01] Binarization frame 81 complete!
[18.12.2020 | 14:38:01] Binarization frame 82 complete!
[18.12.2020 | 14:38:01] Binarization frame 83 complete!
[18.12.2020 | 14:38:01] Binarization frame 84 complete!
[18.12.2020 | 14:38:01] Binarization frame 85 complete!
[18.12.2020 | 14:38:01] Binarization frame 86 complete!
[18.12.2020 | 14:38:01] Binarization frame 87 complete!
[18.12.2020 | 14:38:01] Binarization frame 88 complete!
[18.12.2020 | 14:38:01] Binarization frame 89 complete!
[18.12.2020 | 14:38:01] Binarization frame 90 complete!
[18.12.2020 | 14:38:01] Binarization frame 91 complete!
[18.12.2020 | 14:38:01] Binarization frame 92 complete!
[18.12.2020 | 14:38:01] Binarization frame 93 complete!
[18.12.2020 | 14:38:01] Binarization frame 94 complete!
[18.12.2020 | 14:38:01] Binarization frame 95 complete!
[18.12.2020 | 14:38:01] Binarization frame 96 complete!
[18.12.2020 | 14:38:01] Binarization frame 97 complete!
[18.12.2020 | 14:38:01] Binarization frame 98 complete!
[18.12.2020 | 14:38:01] Binarization frame 99 complete!
[18.12.2020 | 14:38:01] Binarization frame 100 complete!
[18.12.2020 | 14:38:01] Binarization frame 101 complete!
[18.12.2020 | 14:38:01] Binarization frame 102 complete!
[18.12.2020 | 14:38:01] Binarization frame 103 complete!
[18.12.2020 | 14:38:01] Binarization frame 104 complete!
[18.12.2020 | 14:38:01] Binarization frame 105 complete!
[18.12.2020 | 14:38:01] Binarization frame 106 complete!
[18.12.2020 | 14:38:01] Binarization frame 107 complete!
[18.12.2020 | 14:38:01] Binarization frame 108 complete!
[18.12.2020 | 14:38:01] Binarization frame 109 complete!
[18.12.2020 | 14:38:01] Binarization frame 110 complete!
[18.12.2020 | 14:38:01] Binarization frame 111 complete!
[18.12.2020 | 14:38:01] Binarization frame 112 complete!
[18.12.2020 | 14:38:01] Binarization frame 113 complete!
[18.12.2020 | 14:38:01] Binarization frame 114 complete!
[18.12.2020 | 14:38:01] Binarization frame 115 complete!
[18.12.2020 | 14:38:01] Binarization frame 116 complete!
[18.12.2020 | 14:38:01] Binarization frame 117 complete!
[18.12.2020 | 14:38:01] Binarization frame 118 complete!
[18.12.2020 | 14:38:01] Binarization frame 119 complete!
[18.12.2020 | 14:38:01] Binarization frame 120 complete!
[18.12.2020 | 14:38:01] Binarization frame 121 complete!
[18.12.2020 | 14:38:01] Binarization frame 122 complete!
[18.12.2020 | 14:38:01] Binarization frame 123 complete!
[18.12.2020 | 14:38:01] Binarization frame 124 complete!
[18.12.2020 | 14:38:01] Binarization frame 125 complete!
[18.12.2020 | 14:38:01] Binarization frame 126 complete!
[18.12.2020 | 14:38:01] Binarization frame 127 complete!
[18.12.2020 | 14:38:01] Binarization frame 128 complete!
[18.12.2020 | 14:38:01] Binarization frame 129 complete!
[18.12.2020 | 14:38:01] Binarization frame 130 complete!
[18.12.2020 | 14:38:01] Binarization frame 131 complete!
[18.12.2020 | 14:38:01] Binarization frame 132 complete!
[18.12.2020 | 14:38:01] Binarization frame 133 complete!
[18.12.2020 | 14:38:01] Binarization frame 134 complete!
[18.12.2020 | 14:38:01] Binarization frame 135 complete!
[18.12.2020 | 14:38:01] Binarization frame 136 complete!
[18.12.2020 | 14:38:01] Binarization frame 137 complete!
[18.12.2020 | 14:38:01] Binarization frame 138 complete!
[18.12.2020 | 14:38:01] Binarization frame 139 complete!
[18.12.2020 | 14:38:01] Binarization frame 140 complete!
[18.12.2020 | 14:38:01] Binarization frame 141 complete!
[18.12.2020 | 14:38:01] Binarization frame 142 complete!
[18.12.2020 | 14:38:01] Binarization frame 143 complete!
[18.12.2020 | 14:38:01] Binarization frame 144 complete!
[18.12.2020 | 14:38:01] Binarization frame 145 complete!
[18.12.2020 | 14:38:01] Binarization frame 146 complete!
[18.12.2020 | 14:38:01] Binarization frame 147 complete!
[18.12.2020 | 14:38:01] Binarization frame 148 complete!
[18.12.2020 | 14:38:01] Binarization frame 149 complete!
[18.12.2020 | 14:38:01] Binarization frame 150 complete!
[18.12.2020 | 14:38:01] Binarization frame 151 complete!
[18.12.2020 | 14:38:01] Binarization frame 152 complete!
[18.12.2020 | 14:38:01] Binarization frame 153 complete!
[18.12.2020 | 14:38:01] Binarization frame 154 complete!
[18.12.2020 | 14:38:01] Binarization frame 155 complete!
[18.12.2020 | 14:38:01] Binarization frame 156 complete!
[18.12.2020 | 14:38:01] Binarization frame 157 complete!
[18.12.2020 | 14:38:01] Binarization frame 158 complete!
[18.12.2020 | 14:38:01] Binarization frame 159 complete!
[18.12.2020 | 14:38:01] Binarization frame 160 complete!
[18.12.2020 | 14:38:01] Binarization frame 161 complete!
[18.12.2020 | 14:38:01] Binarization frame 162 complete!
[18.12.2020 | 14:38:01] Binarization frame 163 complete!
[18.12.2020 | 14:38:01] Binarization frame 164 complete!
[18.12.2020 | 14:38:01] Binarization frame 165 complete!
[18.12.2020 | 14:38:01] Binarization frame 166 complete!
[18.12.2020 | 14:38:01] Binarization frame 167 complete!
[18.12.2020 | 14:38:01] Binarization frame 168 complete!
[18.12.2020 | 14:38:01] Binarization frame 169 complete!
[18.12.2020 | 14:38:01] Binarization frame 170 complete!
[18.12.2020 | 14:38:01] Binarization frame 171 complete!
[18.12.2020 | 14:38:01] Binarization frame 172 complete!
[18.12.2020 | 14:38:01] Binarization frame 173 complete!
[18.12.2020 | 14:38:01] Binarization frame 174 complete!
[18.12.2020 | 14:38:01] Binarization frame 175 complete!
[18.12.2020 | 14:38:01] Binarization frame 176 complete!
[18.12.2020 | 14:38:01] Binarization frame 177 complete!
[18.12.2020 | 14:38:01] Binarization frame 178 complete!
[18.12.2020 | 14:38:01] Binarization frame 179 complete!
[18.12.2020 | 14:38:01] Binarization frame 180 complete!
[18.12.2020 | 14:38:01] Binarization frame 181 complete!
[18.12.2020 | 14:38:01] Binarization frame 182 complete!
[18.12.2020 | 14:38:01] Binarization frame 183 complete!
[18.12.2020 | 14:38:01] Binarization frame 184 complete!
[18.12.2020 | 14:38:01] Binarization frame 185 complete!
[18.12.2020 | 14:38:01] Binarization frame 186 complete!
[18.12.2020 | 14:38:01] Binarization frame 187 complete!
[18.12.2020 | 14:38:01] Binarization is done! Time spent: 500ms
[18.12.2020 | 14:38:01] Calculation frame 0 complete!
[18.12.2020 | 14:38:01] Calculation frame 1 complete!
[18.12.2020 | 14:38:01] Calculation frame 2 complete!
[18.12.2020 | 14:38:01] Calculation frame 3 complete!
[18.12.2020 | 14:38:01] Calculation frame 4 complete!
[18.12.2020 | 14:38:01] Calculation frame 5 complete!
[18.12.2020 | 14:38:01] Calculation frame 6 complete!
[18.12.2020 | 14:38:01] Calculation frame 7 complete!
[18.12.2020 | 14:38:01] Calculation frame 8 complete!
[18.12.2020 | 14:38:01] Calculation frame 9 complete!
[18.12.2020 | 14:38:01] Calculation frame 10 complete!
[18.12.2020 | 14:38:01] Calculation frame 11 complete!
[18.12.2020 | 14:38:01] Calculation frame 12 complete!
[18.12.2020 | 14:38:01] Calculation frame 13 complete!
[18.12.2020 | 14:38:01] Calculation frame 14 complete!
[18.12.2020 | 14:38:01] Calculation frame 15 complete!
[18.12.2020 | 14:38:01] Calculation frame 16 complete!
[18.12.2020 | 14:38:01] Calculation frame 17 complete!
[18.12.2020 | 14:38:01] Calculation frame 18 complete!
[18.12.2020 | 14:38:01] Calculation frame 19 complete!
[18.12.2020 | 14:38:01] Calculation frame 20 complete!
[18.12.2020 | 14:38:01] Calculation frame 21 complete!
[18.12.2020 | 14:38:01] Calculation frame 22 complete!
[18.12.2020 | 14:38:01] Calculation frame 23 complete!
[18.12.2020 | 14:38:01] Calculation frame 24 complete!
[18.12.2020 | 14:38:01] Calculation frame 25 complete!
[18.12.2020 | 14:38:01] Calculation frame 26 complete!
[18.12.2020 | 14:38:01] Calculation frame 27 complete!
[18.12.2020 | 14:38:01] Calculation frame 28 complete!
[18.12.2020 | 14:38:01] Calculation frame 29 complete!
[18.12.2020 | 14:38:01] Calculation frame 30 complete!
[18.12.2020 | 14:38:01] Calculation frame 31 complete!
[18.12.2020 | 14:38:01] Calculation frame 32 complete!
[18.12.2020 | 14:38:01] Calculation frame 33 complete!
[18.12.2020 | 14:38:01] Calculation frame 34 complete!
[18.12.2020 | 14:38:01] Calculation frame 35 complete!
[18.12.2020 | 14:38:01] Calculation frame 36 complete!
[18.12.2020 | 14:38:01] Calculation frame 37 complete!
[18.12.2020 | 14:38:01] Calculation frame 38 complete!
[18.12.2020 | 14:38:01] Calculation frame 39 complete!
[18.12.2020 | 14:38:01] Calculation frame 40 complete!
[18.12.2020 | 14:38:01] Calculation frame 41 complete!
[18.12.2020 | 14:38:01] Calculation frame 42 complete!
[18.12.2020 | 14:38:01] Calculation frame 43 complete!
[18.12.2020 | 14:38:01] Calculation frame 44 complete!
[18.12.2020 | 14:38:01] Calculation frame 45 complete!
[18.12.2020 | 14:38:01] Calculation frame 46 complete!
[18.12.2020 | 14:38:01] Calculation frame 47 complete!
[18.12.2020 | 14:38:01] Calculation frame 48 complete!
[18.12.2020 | 14:38:01] Calculation frame 49 complete!
[18.12.2020 | 14:38:01] Calculation frame 50 complete!
[18.12.2020 | 14:38:01] Calculation frame 51 complete!
[18.12.2020 | 14:38:01] Calculation frame 52 complete!
[18.12.2020 | 14:38:01] Calculation frame 53 complete!
[18.12.2020 | 14:38:01] Calculation frame 54 complete!
[18.12.2020 | 14:38:01] Calculation frame 55 complete!
[18.12.2020 | 14:38:01] Calculation frame 56 complete!
[18.12.2020 | 14:38:01] Calculation frame 57 complete!
[18.12.2020 | 14:38:01] Calculation frame 58 complete!
[18.12.2020 | 14:38:01] Calculation frame 59 complete!
[18.12.2020 | 14:38:01] Calculation frame 60 complete!
[18.12.2020 | 14:38:01] Calculation frame 61 complete!
[18.12.2020 | 14:38:01] Calculation frame 62 complete!
[18.12.2020 | 14:38:01] Calculation frame 63 complete!
[18.12.2020 | 14:38:01] Calculation frame 64 complete!
[18.12.2020 | 14:38:01] Calculation frame 65 complete!
[18.12.2020 | 14:38:01] Calculation frame 66 complete!
[18.12.2020 | 14:38:01] Calculation frame 67 complete!
[18.12.2020 | 14:38:01] Calculation frame 68 complete!
[18.12.2020 | 14:38:01] Calculation frame 69 complete!
[18.12.2020 | 14:38:01] Calculation frame 70 complete!
[18.12.2020 | 14:38:01] Calculation frame 71 complete!
[18.12.2020 | 14:38:01] Calculation frame 72 complete!
[18.12.2020 | 14:38:01] Calculation frame 73 complete!
[18.12.2020 | 14:38:01] Calculation frame 74 complete!
[18.12.2020 | 14:38:01] Calculation frame 75 complete!
[18.12.2020 | 14:38:01] Calculation frame 76 complete!
[18.12.2020 | 14:38:01] Calculation frame 77 complete!
[18.12.2020 | 14:38:01] Calculation frame 78 complete!
[18.12.2020 | 14:38:01] Calculation frame 79 complete!
[18.12.2020 | 14:38:01] Calculation frame 80 complete!
[18.12.2020 | 14:38:01] Calculation frame 81 complete!
[18.12.2020 | 14:38:01] Calculation frame 82 complete!
[18.12.2020 | 14:38:01] Calculation frame 83 complete!
[18.12.2020 | 14:38:01] Calculation frame 84 complete!
[18.12.2020 | 14:38:01] Calculation frame 85 complete!
[18.12.2020 | 14:38:01] Calculation frame 86 complete!
[18.12.2020 | 14:38:01] Calculation frame 87 complete!
[18.12.2020 | 14:38:01] Calculation frame 88 complete!
[18.12.2020 | 14:38:01] Calculation frame 89 complete!
[18.12.2020 | 14:38:01] Calculation frame 90 complete!
[18.12.2020 | 14:38:01] Calculation frame 91 complete!
[18.12.2020 | 14:38:01] Calculation frame 92 complete!
[18.12.2020 | 14:38:01] Calculation frame 93 complete!
[18.12.2020 | 14:38:01] Calculation frame 94 complete!
[18.12.2020 | 14:38:01] Calculation frame 95 complete!
[18.12.2020 | 14:38:01] Calculation frame 96 complete!
[18.12.2020 | 14:38:01] Calculation frame 97 complete!
[18.12.2020 | 14:38:01] Calculation frame 98 complete!
[18.12.2020 | 14:38:01] Calculation frame 99 complete!
[18.12.2020 | 14:38:01] Calculation frame 100 complete!
[18.12.2020 | 14:38:01] Calculation frame 101 complete!
[18.12.2020 | 14:38:01] Calculation frame 102 complete!
[18.12.2020 | 14:38:01] Calculation frame 103 complete!
[18.12.2020 | 14:38:01] Calculation frame 104 complete!
[18.12.2020 | 14:38:01] Calculation frame 105 complete!
[18.12.2020 | 14:38:01] Calculation frame 106 complete!
[18.12.2020 | 14:38:01] Calculation frame 107 complete!
[18.12.2020 | 14:38:01] Calculation frame 108 complete!
[18.12.2020 | 14:38:01] Calculation frame 109 complete!
[18.12.2020 | 14:38:01] Calculation frame 110 complete!
[18.12.2020 | 14:38:01] Calculation frame 111 complete!
[18.12.2020 | 14:38:01] Calculation frame 112 complete!
[18.12.2020 | 14:38:01] Calculation frame 113 complete!
[18.12.2020 | 14:38:01] Calculation frame 114 complete!
[18.12.2020 | 14:38:01] Calculation frame 115 complete!
[18.12.2020 | 14:38:01] Calculation frame 116 complete!
[18.12.2020 | 14:38:01] Calculation frame 117 complete!
[18.12.2020 | 14:38:01] Calculation frame 118 complete!
[18.12.2020 | 14:38:01] Calculation frame 119 complete!
[18.12.2020 | 14:38:01] Calculation frame 120 complete!
[18.12.2020 | 14:38:01] Calculation frame 121 complete!
[18.12.2020 | 14:38:01] Calculation frame 122 complete!
[18.12.2020 | 14:38:01] Calculation frame 123 complete!
[18.12.2020 | 14:38:01] Calculation frame 124 complete!
[18.12.2020 | 14:38:01] Calculation frame 125 complete!
[18.12.2020 | 14:38:01] Calculation frame 126 complete!
[18.12.2020 | 14:38:01] Calculation frame 127 complete!
[18.12.2020 | 14:38:01] Calculation frame 128 complete!
[18.12.2020 | 14:38:01] Calculation frame 129 complete!
[18.12.2020 | 14:38:01] Calculation frame 130 complete!
[18.12.2020 | 14:38:01] Calculation frame 131 complete!
[18.12.2020 | 14:38:01] Calculation frame 132 complete!
[18.12.2020 | 14:38:01] Calculation frame 133 complete!
[18.12.2020 | 14:38:01] Calculation frame 134 complete!
[18.12.2020 | 14:38:01] Calculation frame 135 complete!
[18.12.2020 | 14:38:01] Calculation frame 136 complete!
[18.12.2020 | 14:38:01] Calculation frame 137 complete!
[18.12.2020 | 14:38:01] Calculation frame 138 complete!
[18.12.2020 | 14:38:01] Calculation frame 139 complete!
[18.12.2020 | 14:38:01] Calculation frame 140 complete!
[18.12.2020 | 14:38:01] Calculation frame 141 complete!
[18.12.2020 | 14:38:01] Calculation frame 142 complete!
[18.12.2020 | 14:38:01] Calculation frame 143 complete!
[18.12.2020 | 14:38:01] Calculation frame 144 complete!
[18.12.2020 | 14:38:01] Calculation frame 145 complete!
[18.12.2020 | 14:38:01] Calculation frame 146 complete!
[18.12.2020 | 14:38:01] Calculation frame 147 complete!
[18.12.2020 | 14:38:01] Calculation frame 148 complete!
[18.12.2020 | 14:38:01] Calculation frame 149 complete!
[18.12.2020 | 14:38:01] Calculation frame 150 complete!
[18.12.2020 | 14:38:01] Calculation frame 151 complete!
[18.12.2020 | 14:38:01] Calculation frame 152 complete!
[18.12.2020 | 14:38:01] Calculation frame 153 complete!
[18.12.2020 | 14:38:01] Calculation frame 154 complete!
[18.12.2020 | 14:38:01] Calculation frame 155 complete!
[18.12.2020 | 14:38:01] Calculation frame 156 complete!
[18.12.2020 | 14:38:01] Calculation frame 157 complete!
[18.12.2020 | 14:38:01] Calculation frame 158 complete!
[18.12.2020 | 14:38:01] Calculation frame 159 complete!
[18.12.2020 | 14:38:01] Calculation frame 160 complete!
[18.12.2020 | 14:38:01] Calculation frame 161 complete!
[18.12.2020 | 14:38:01] Calculation frame 162 complete!
[18.12.2020 | 14:38:01] Calculation frame 163 complete!
[18.12.2020 | 14:38:01] Calculation frame 164 complete!
[18.12.2020 | 14:38:01] Calculation frame 165 complete!
[18.12.2020 | 14:38:01] Calculation frame 166 complete!
[18.12.2020 | 14:38:01] Calculation frame 167 complete!
[18.12.2020 | 14:38:01] Calculation frame 168 complete!
[18.12.2020 | 14:38:01] Calculation frame 169 complete!
[18.12.2020 | 14:38:01] Calculation frame 170 complete!
[18.12.2020 | 14:38:01] Calculation frame 171 complete!
[18.12.2020 | 14:38:01] Calculation frame 172 complete!
[18.12.2020 | 14:38:01] Calculation frame 173 complete!
[18.12.2020 | 14:38:01] Calculation frame 174 complete!
[18.12.2020 | 14:38:01] Calculation frame 175 complete!
[18.12.2020 | 14:38:01] Calculation frame 176 complete!
[18.12.2020 | 14:38:01] Calculation frame 177 complete!
[18.12.2020 | 14:38:01] Calculation frame 178 complete!
[18.12.2020 | 14:38:01] Calculation frame 179 complete!
[18.12.2020 | 14:38:01] Calculation frame 180 complete!
[18.12.2020 | 14:38:01] Calculation frame 181 complete!
[18.12.2020 | 14:38:01] Calculation frame 182 complete!
[18.12.2020 | 14:38:01] Calculation frame 183 complete!
[18.12.2020 | 14:38:01] Calculation frame 184 complete!
[18.12.2020 | 14:38:01] Calculation frame 185 complete!
[18.12.2020 | 14:38:01] Calculation frame 186 complete!
[18.12.2020 | 14:38:01] Calculation frame 187 complete!
[18.12.2020 | 14:38:01] Calculation is done! Time spent: 261ms
----------------------------------------
----------------------------------------
[18.12.2020 | 15:29:10] All frames loaded, count: 299
[18.12.2020 | 15:29:10] All frames loaded, count: 112
----------------------------------------
----------------------------------------
[18.12.2020 | 16:28:40] All frames loaded, count: 77
[18.12.2020 | 16:28:40] Binarization frame 0 complete!
[18.12.2020 | 16:28:40] Binarization frame 1 complete!
[18.12.2020 | 16:28:40] Binarization frame 2 complete!
[18.12.2020 | 16:28:40] Binarization frame 3 complete!
[18.12.2020 | 16:28:40] Binarization frame 4 complete!
[18.12.2020 | 16:28:40] Binarization frame 5 complete!
[18.12.2020 | 16:28:40] Binarization frame 6 complete!
[18.12.2020 | 16:28:40] Binarization frame 7 complete!
[18.12.2020 | 16:28:40] Binarization frame 8 complete!
[18.12.2020 | 16:28:40] Binarization frame 9 complete!
[18.12.2020 | 16:28:40] Binarization frame 10 complete!
[18.12.2020 | 16:28:40] Binarization frame 11 complete!
[18.12.2020 | 16:28:40] Binarization frame 12 complete!
[18.12.2020 | 16:28:40] Binarization frame 13 complete!
[18.12.2020 | 16:28:40] Binarization frame 14 complete!
[18.12.2020 | 16:28:40] Binarization frame 15 complete!
[18.12.2020 | 16:28:40] Binarization frame 16 complete!
[18.12.2020 | 16:28:40] Binarization frame 17 complete!
[18.12.2020 | 16:28:40] Binarization frame 18 complete!
[18.12.2020 | 16:28:40] Binarization frame 19 complete!
[18.12.2020 | 16:28:40] Binarization frame 20 complete!
[18.12.2020 | 16:28:40] Binarization frame 21 complete!
[18.12.2020 | 16:28:40] Binarization frame 22 complete!
[18.12.2020 | 16:28:40] Binarization frame 23 complete!
[18.12.2020 | 16:28:40] Binarization frame 24 complete!
[18.12.2020 | 16:28:40] Binarization frame 25 complete!
[18.12.2020 | 16:28:40] Binarization frame 26 complete!
[18.12.2020 | 16:28:40] Binarization frame 27 complete!
[18.12.2020 | 16:28:40] Binarization frame 28 complete!
[18.12.2020 | 16:28:40] Binarization frame 29 complete!
[18.12.2020 | 16:28:40] Binarization frame 30 complete!
[18.12.2020 | 16:28:40] Binarization frame 31 complete!
[18.12.2020 | 16:28:40] Binarization frame 32 complete!
[18.12.2020 | 16:28:40] Binarization frame 33 complete!
[18.12.2020 | 16:28:40] Binarization frame 34 complete!
[18.12.2020 | 16:28:40] Binarization frame 35 complete!
[18.12.2020 | 16:28:40] Binarization frame 36 complete!
[18.12.2020 | 16:28:40] Binarization frame 37 complete!
[18.12.2020 | 16:28:40] Binarization frame 38 complete!
[18.12.2020 | 16:28:40] Binarization frame 39 complete!
[18.12.2020 | 16:28:40] Binarization frame 40 complete!
[18.12.2020 | 16:28:40] Binarization frame 41 complete!
[18.12.2020 | 16:28:40] Binarization frame 42 complete!
[18.12.2020 | 16:28:40] Binarization frame 43 complete!
[18.12.2020 | 16:28:40] Binarization frame 44 complete!
[18.12.2020 | 16:28:40] Binarization frame 45 complete!
[18.12.2020 | 16:28:40] Binarization frame 46 complete!
[18.12.2020 | 16:28:40] Binarization frame 47 complete!
[18.12.2020 | 16:28:40] Binarization frame 48 complete!
[18.12.2020 | 16:28:40] Binarization frame 49 complete!
[18.12.2020 | 16:28:40] Binarization frame 50 complete!
[18.12.2020 | 16:28:40] Binarization frame 51 complete!
[18.12.2020 | 16:28:40] Binarization frame 52 complete!
[18.12.2020 | 16:28:40] Binarization frame 53 complete!
[18.12.2020 | 16:28:40] Binarization frame 54 complete!
[18.12.2020 | 16:28:40] Binarization frame 55 complete!
[18.12.2020 | 16:28:40] Binarization frame 56 complete!
[18.12.2020 | 16:28:40] Binarization frame 57 complete!
[18.12.2020 | 16:28:40] Binarization frame 58 complete!
[18.12.2020 | 16:28:40] Binarization frame 59 complete!
[18.12.2020 | 16:28:40] Binarization frame 60 complete!
[18.12.2020 | 16:28:40] Binarization frame 61 complete!
[18.12.2020 | 16:28:40] Binarization frame 62 complete!
[18.12.2020 | 16:28:40] Binarization frame 63 complete!
[18.12.2020 | 16:28:40] Binarization frame 64 complete!
[18.12.2020 | 16:28:40] Binarization frame 65 complete!
[18.12.2020 | 16:28:40] Binarization frame 66 complete!
[18.12.2020 | 16:28:40] Binarization frame 67 complete!
[18.12.2020 | 16:28:40] Binarization frame 68 complete!
[18.12.2020 | 16:28:40] Binarization frame 69 complete!
[18.12.2020 | 16:28:40] Binarization frame 70 complete!
[18.12.2020 | 16:28:40] Binarization frame 71 complete!
[18.12.2020 | 16:28:40] Binarization frame 72 complete!
[18.12.2020 | 16:28:40] Binarization frame 73 complete!
[18.12.2020 | 16:28:40] Binarization frame 74 complete!
[18.12.2020 | 16:28:40] Binarization frame 75 complete!
[18.12.2020 | 16:28:40] Binarization frame 76 complete!
[18.12.2020 | 16:28:40] Binarization is done! Time spent: 200ms
[18.12.2020 | 16:28:40] All frames loaded, count: 98
[18.12.2020 | 16:28:40] Binarization frame 0 complete!
[18.12.2020 | 16:28:40] Binarization frame 1 complete!
[18.12.2020 | 16:28:40] Binarization frame 2 complete!
[18.12.2020 | 16:28:40] Binarization frame 3 complete!
[18.12.2020 | 16:28:40] Binarization frame 4 complete!
[18.12.2020 | 16:28:40] Binarization frame 5 complete!
[18.12.2020 | 16:28:40] Binarization frame 6 complete!
[18.12.2020 | 16:28:40] Binarization frame 7 complete!
[18.12.2020 | 16:28:40] Binarization frame 8 complete!
[18.12.2020 | 16:28:40] Binarization frame 9 complete!
[18.12.2020 | 16:28:40] Binarization frame 10 complete!
[18.12.2020 | 16:28:40] Binarization frame 11 complete!
[18.12.2020 | 16:28:40] Binarization frame 12 complete!
[18.12.2020 | 16:28:40] Binarization frame 13 complete!
[18.12.2020 | 16:28:40] Binarization frame 14 complete!
[18.12.2020 | 16:28:40] Binarization frame 15 complete!
[18.12.2020 | 16:28:40] Binarization frame 16 complete!
[18.12.2020 | 16:28:40] Binarization frame 17 complete!
[18.12.2020 | 16:28:40] Binarization frame 18 complete!
[18.12.2020 | 16:28:40] Binarization frame 19 complete!
[18.12.2020 | 16:28:40] Binarization frame 20 complete!
[18.12.2020 | 16:28:40] Binarization frame 21 complete!
[18.12.2020 | 16:28:40] Binarization frame 22 complete!
[18.12.2020 | 16:28:40] Binarization frame 23 complete!
[18.12.2020 | 16:28:40] Binarization frame 24 complete!
[18.12.2020 | 16:28:40] Binarization frame 25 complete!
[18.12.2020 | 16:28:40] Binarization frame 26 complete!
[18.12.2020 | 16:28:40] Binarization frame 27 complete!
[18.12.2020 | 16:28:40] Binarization frame 28 complete!
[18.12.2020 | 16:28:40] Binarization frame 29 complete!
[18.12.2020 | 16:28:40] Binarization frame 30 complete!
[18.12.2020 | 16:28:40] Binarization frame 31 complete!
[18.12.2020 | 16:28:40] Binarization frame 32 complete!
[18.12.2020 | 16:28:40] Binarization frame 33 complete!
[18.12.2020 | 16:28:40] Binarization frame 34 complete!
[18.12.2020 | 16:28:40] Binarization frame 35 complete!
[18.12.2020 | 16:28:40] Binarization frame 36 complete!
[18.12.2020 | 16:28:40] Binarization frame 37 complete!
[18.12.2020 | 16:28:40] Binarization frame 38 complete!
[18.12.2020 | 16:28:40] Binarization frame 39 complete!
[18.12.2020 | 16:28:40] Binarization frame 40 complete!
[18.12.2020 | 16:28:40] Binarization frame 41 complete!
[18.12.2020 | 16:28:40] Binarization frame 42 complete!
[18.12.2020 | 16:28:40] Binarization frame 43 complete!
[18.12.2020 | 16:28:40] Binarization frame 44 complete!
[18.12.2020 | 16:28:40] Binarization frame 45 complete!
[18.12.2020 | 16:28:40] Binarization frame 46 complete!
[18.12.2020 | 16:28:40] Binarization frame 47 complete!
[18.12.2020 | 16:28:40] Binarization frame 48 complete!
[18.12.2020 | 16:28:40] Binarization frame 49 complete!
[18.12.2020 | 16:28:40] Binarization frame 50 complete!
[18.12.2020 | 16:28:40] Binarization frame 51 complete!
[18.12.2020 | 16:28:40] Binarization frame 52 complete!
[18.12.2020 | 16:28:40] Binarization frame 53 complete!
[18.12.2020 | 16:28:40] Binarization frame 54 complete!
[18.12.2020 | 16:28:40] Binarization frame 55 complete!
[18.12.2020 | 16:28:40] Binarization frame 56 complete!
[18.12.2020 | 16:28:40] Binarization frame 57 complete!
[18.12.2020 | 16:28:40] Binarization frame 58 complete!
[18.12.2020 | 16:28:40] Binarization frame 59 complete!
[18.12.2020 | 16:28:40] Binarization frame 60 complete!
[18.12.2020 | 16:28:40] Binarization frame 61 complete!
[18.12.2020 | 16:28:40] Binarization frame 62 complete!
[18.12.2020 | 16:28:40] Binarization frame 63 complete!
[18.12.2020 | 16:28:40] Binarization frame 64 complete!
[18.12.2020 | 16:28:40] Binarization frame 65 complete!
[18.12.2020 | 16:28:40] Binarization frame 66 complete!
[18.12.2020 | 16:28:40] Binarization frame 67 complete!
[18.12.2020 | 16:28:40] Binarization frame 68 complete!
[18.12.2020 | 16:28:40] Binarization frame 69 complete!
[18.12.2020 | 16:28:40] Binarization frame 70 complete!
[18.12.2020 | 16:28:40] Binarization frame 71 complete!
[18.12.2020 | 16:28:40] Binarization frame 72 complete!
[18.12.2020 | 16:28:40] Binarization frame 73 complete!
[18.12.2020 | 16:28:40] Binarization frame 74 complete!
[18.12.2020 | 16:28:40] Binarization frame 75 complete!
[18.12.2020 | 16:28:40] Binarization frame 76 complete!
[18.12.2020 | 16:28:40] Binarization frame 77 complete!
[18.12.2020 | 16:28:40] Binarization frame 78 complete!
[18.12.2020 | 16:28:40] Binarization frame 79 complete!
[18.12.2020 | 16:28:40] Binarization frame 80 complete!
[18.12.2020 | 16:28:40] Binarization frame 81 complete!
[18.12.2020 | 16:28:40] Binarization frame 82 complete!
[18.12.2020 | 16:28:40] Binarization frame 83 complete!
[18.12.2020 | 16:28:40] Binarization frame 84 complete!
[18.12.2020 | 16:28:40] Binarization frame 85 complete!
[18.12.2020 | 16:28:40] Binarization frame 86 complete!
[18.12.2020 | 16:28:40] Binarization frame 87 complete!
[18.12.2020 | 16:28:40] Binarization frame 88 complete!
[18.12.2020 | 16:28:40] Binarization frame 89 complete!
[18.12.2020 | 16:28:40] Binarization frame 90 complete!
[18.12.2020 | 16:28:40] Binarization frame 91 complete!
[18.12.2020 | 16:28:40] Binarization frame 92 complete!
[18.12.2020 | 16:28:40] Binarization frame 93 complete!
[18.12.2020 | 16:28:40] Binarization frame 94 complete!
[18.12.2020 | 16:28:40] Binarization frame 95 complete!
[18.12.2020 | 16:28:40] Binarization frame 96 complete!
[18.12.2020 | 16:28:40] Binarization frame 97 complete!
[18.12.2020 | 16:28:40] Binarization is done! Time spent: 267ms
----------------------------------------
