----------------------------------------
[25.0
5.20
21 | 
12:0
6:38] 
All 
frame
s 
loade
d, 
coun
t: 
311
----------------------------------------
----------------------------------------
[25.0
5.20
21 | 
14:3
7:45] 
All 
frame
s 
loade
d, 
coun
t: 
151
[25.0
5.20
21 | 
14:3
7:45] 
Binari
zatio
n 
frame 
0 
comp
lete!
[25.0
5.20
21 | 
14:3
7:45] 
Binari
zatio
n 
frame 
1 
comp
lete!
[25.0
5.20
21 | 
14:3
7:45] 
Binari
zatio
n 
frame 
2 
comp
lete!
[25.0
5.20
21 | 
14:3
7:45] 
Binari
zatio
n 
frame 
3 
comp
lete!
[25.0
5.20
21 | 
14:3
7:45] 
Binari
zatio
n 
frame 
4 
comp
lete!
[25.0
5.20
21 | 
14:3
7:45] 
Binari
zatio
n 
frame 
5 
comp
lete!
[25.0
5.20
21 | 
14:3
7:45] 
Binari
zatio
n 
frame 
6 
comp
lete!
[25.0
5.20
21 | 
14:3
7:45] 
Binari
zatio
n 
frame 
7 
comp
lete!
[25.0
5.20
21 | 
14:3
7:45] 
Binari
zatio
n 
frame 
8 
comp
lete!
[25.0
5.20
21 | 
14:3
7:45] 
Binari
zatio
n 
frame 
9 
comp
lete!
[25.0
5.20
21 | 
14:3
7:45] 
Binari
zatio
n 
frame 
10 
comp
lete!
[25.0
5.20
21 | 
14:3
7:45] 
Binari
zatio
n 
frame 
11 
comp
lete!
[25.0
5.20
21 | 
14:3
7:45] 
Binari
zatio
n 
frame 
12 
comp
lete!
[25.0
5.20
21 | 
14:3
7:45] 
Binari
zatio
n 
frame 
13 
comp
lete!
[25.0
5.20
21 | 
14:3
7:45] 
Binari
zatio
n 
frame 
14 
comp
lete!
[25.0
5.20
21 | 
14:3
7:45] 
Binari
zatio
n 
frame 
15 
comp
lete!
[25.0
5.20
21 | 
14:3
7:45] 
Binari
zatio
n 
frame 
16 
comp
lete!
[25.0
5.20
21 | 
14:3
7:45] 
Binari
zatio
n 
frame 
17 
comp
lete!
[25.0
5.20
21 | 
14:3
7:45] 
Binari
zatio
n 
frame 
18 
comp
lete!
[25.0
5.20
21 | 
14:3
7:45] 
Binari
zatio
n 
frame 
19 
comp
lete!
[25.0
5.20
21 | 
14:3
7:45] 
Binari
zatio
n 
frame 
20 
comp
lete!
[25.0
5.20
21 | 
14:3
7:45] 
Binari
zatio
n 
frame 
21 
comp
lete!
[25.0
5.20
21 | 
14:3
7:45] 
Binari
zatio
n 
frame 
22 
comp
lete!
[25.0
5.20
21 | 
14:3
7:45] 
Binari
zatio
n 
frame 
23 
comp
lete!
[25.0
5.20
21 | 
14:3
7:45] 
Binari
zatio
n 
frame 
24 
comp
lete!
[25.0
5.20
21 | 
14:3
7:45] 
Binari
zatio
n 
frame 
25 
comp
lete!
[25.0
5.20
21 | 
14:3
7:45] 
Binari
zatio
n 
frame 
26 
comp
lete!
[25.0
5.20
21 | 
14:3
7:45] 
Binari
zatio
n 
frame 
27 
comp
lete!
[25.0
5.20
21 | 
14:3
7:45] 
Binari
zatio
n 
frame 
28 
comp
lete!
[25.0
5.20
21 | 
14:3
7:45] 
Binari
zatio
n 
frame 
29 
comp
lete!
[25.0
5.20
21 | 
14:3
7:45] 
Binari
zatio
n 
frame 
30 
comp
lete!
[25.0
5.20
21 | 
14:3
7:45] 
Binari
zatio
n 
frame 
31 
comp
lete!
[25.0
5.20
21 | 
14:3
7:45] 
Binari
zatio
n 
frame 
32 
comp
lete!
[25.0
5.20
21 | 
14:3
7:45] 
Binari
zatio
n 
frame 
33 
comp
lete!
[25.0
5.20
21 | 
14:3
7:45] 
Binari
zatio
n 
frame 
34 
comp
lete!
[25.0
5.20
21 | 
14:3
7:45] 
Binari
zatio
n 
frame 
35 
comp
lete!
[25.0
5.20
21 | 
14:3
7:45] 
Binari
zatio
n 
frame 
36 
comp
lete!
[25.0
5.20
21 | 
14:3
7:45] 
Binari
zatio
n 
frame 
37 
comp
lete!
[25.0
5.20
21 | 
14:3
7:45] 
Binari
zatio
n 
frame 
38 
comp
lete!
[25.0
5.20
21 | 
14:3
7:45] 
Binari
zatio
n 
frame 
39 
comp
lete!
[25.0
5.20
21 | 
14:3
7:45] 
Binari
zatio
n 
frame 
40 
comp
lete!
[25.0
5.20
21 | 
14:3
7:45] 
Binari
zatio
n 
frame 
41 
comp
lete!
[25.0
5.20
21 | 
14:3
7:45] 
Binari
zatio
n 
frame 
42 
comp
lete!
[25.0
5.20
21 | 
14:3
7:45] 
Binari
zatio
n 
frame 
43 
comp
lete!
[25.0
5.20
21 | 
14:3
7:45] 
Binari
zatio
n 
frame 
44 
comp
lete!
[25.0
5.20
21 | 
14:3
7:45] 
Binari
zatio
n 
frame 
45 
comp
lete!
[25.0
5.20
21 | 
14:3
7:45] 
Binari
zatio
n 
frame 
46 
comp
lete!
[25.0
5.20
21 | 
14:3
7:45] 
Binari
zatio
n 
frame 
47 
comp
lete!
[25.0
5.20
21 | 
14:3
7:45] 
Binari
zatio
n 
frame 
48 
comp
lete!
[25.0
5.20
21 | 
14:3
7:45] 
Binari
zatio
n 
frame 
49 
comp
lete!
[25.0
5.20
21 | 
14:3
7:45] 
Binari
zatio
n 
frame 
50 
comp
lete!
[25.0
5.20
21 | 
14:3
7:45] 
Binari
zatio
n 
frame 
51 
comp
lete!
[25.0
5.20
21 | 
14:3
7:45] 
Binari
zatio
n 
frame 
52 
comp
lete!
[25.0
5.20
21 | 
14:3
7:45] 
Binari
zatio
n 
frame 
53 
comp
lete!
[25.0
5.20
21 | 
14:3
7:45] 
Binari
zatio
n 
frame 
54 
comp
lete!
[25.0
5.20
21 | 
14:3
7:45] 
Binari
zatio
n 
frame 
55 
comp
lete!
[25.0
5.20
21 | 
14:3
7:45] 
Binari
zatio
n 
frame 
56 
comp
lete!
[25.0
5.20
21 | 
14:3
7:45] 
Binari
zatio
n 
frame 
57 
comp
lete!
[25.0
5.20
21 | 
14:3
7:45] 
Binari
zatio
n 
frame 
58 
comp
lete!
[25.0
5.20
21 | 
14:3
7:45] 
Binari
zatio
n 
frame 
59 
comp
lete!
[25.0
5.20
21 | 
14:3
7:45] 
Binari
zatio
n 
frame 
60 
comp
lete!
[25.0
5.20
21 | 
14:3
7:45] 
Binari
zatio
n 
frame 
61 
comp
lete!
[25.0
5.20
21 | 
14:3
7:45] 
Binari
zatio
n 
frame 
62 
comp
lete!
[25.0
5.20
21 | 
14:3
7:45] 
Binari
zatio
n 
frame 
63 
comp
lete!
[25.0
5.20
21 | 
14:3
7:45] 
Binari
zatio
n 
frame 
64 
comp
lete!
[25.0
5.20
21 | 
14:3
7:45] 
Binari
zatio
n 
frame 
65 
comp
lete!
[25.0
5.20
21 | 
14:3
7:45] 
Binari
zatio
n 
frame 
66 
comp
lete!
[25.0
5.20
21 | 
14:3
7:45] 
Binari
zatio
n 
frame 
67 
comp
lete!
[25.0
5.20
21 | 
14:3
7:45] 
Binari
zatio
n 
frame 
68 
comp
lete!
[25.0
5.20
21 | 
14:3
7:45] 
Binari
zatio
n 
frame 
69 
comp
lete!
[25.0
5.20
21 | 
14:3
7:45] 
Binari
zatio
n 
frame 
70 
comp
lete!
[25.0
5.20
21 | 
14:3
7:45] 
Binari
zatio
n 
frame 
71 
comp
lete!
[25.0
5.20
21 | 
14:3
7:45] 
Binari
zatio
n 
frame 
72 
comp
lete!
[25.0
5.20
21 | 
14:3
7:45] 
Binari
zatio
n 
frame 
73 
comp
lete!
[25.0
5.20
21 | 
14:3
7:45] 
Binari
zatio
n 
frame 
74 
comp
lete!
[25.0
5.20
21 | 
14:3
7:45] 
Binari
zatio
n 
frame 
75 
comp
lete!
[25.0
5.20
21 | 
14:3
7:45] 
Binari
zatio
n 
frame 
76 
comp
lete!
[25.0
5.20
21 | 
14:3
7:45] 
Binari
zatio
n 
frame 
77 
comp
lete!
[25.0
5.20
21 | 
14:3
7:45] 
Binari
zatio
n 
frame 
78 
comp
lete!
[25.0
5.20
21 | 
14:3
7:45] 
Binari
zatio
n 
frame 
79 
comp
lete!
[25.0
5.20
21 | 
14:3
7:45] 
Binari
zatio
n 
frame 
80 
comp
lete!
[25.0
5.20
21 | 
14:3
7:45] 
Binari
zatio
n 
frame 
81 
comp
lete!
[25.0
5.20
21 | 
14:3
7:45] 
Binari
zatio
n 
frame 
82 
comp
lete!
[25.0
5.20
21 | 
14:3
7:45] 
Binari
zatio
n 
frame 
83 
comp
lete!
[25.0
5.20
21 | 
14:3
7:45] 
Binari
zatio
n 
frame 
84 
comp
lete!
[25.0
5.20
21 | 
14:3
7:45] 
Binari
zatio
n 
frame 
85 
comp
lete!
[25.0
5.20
21 | 
14:3
7:45] 
Binari
zatio
n 
frame 
86 
comp
lete!
[25.0
5.20
21 | 
14:3
7:45] 
Binari
zatio
n 
frame 
87 
comp
lete!
[25.0
5.20
21 | 
14:3
7:45] 
Binari
zatio
n 
frame 
88 
comp
lete!
[25.0
5.20
21 | 
14:3
7:45] 
Binari
zatio
n 
frame 
89 
comp
lete!
[25.0
5.20
21 | 
14:3
7:45] 
Binari
zatio
n 
frame 
90 
comp
lete!
[25.0
5.20
21 | 
14:3
7:45] 
Binari
zatio
n 
frame 
91 
comp
lete!
[25.0
5.20
21 | 
14:3
7:45] 
Binari
zatio
n 
frame 
92 
comp
lete!
[25.0
5.20
21 | 
14:3
7:45] 
Binari
zatio
n 
frame 
93 
comp
lete!
[25.0
5.20
21 | 
14:3
7:45] 
Binari
zatio
n 
frame 
94 
comp
lete!
[25.0
5.20
21 | 
14:3
7:45] 
Binari
zatio
n 
frame 
95 
comp
lete!
[25.0
5.20
21 | 
14:3
7:45] 
Binari
zatio
n 
frame 
96 
comp
lete!
[25.0
5.20
21 | 
14:3
7:45] 
Binari
zatio
n 
frame 
97 
comp
lete!
[25.0
5.20
21 | 
14:3
7:45] 
Binari
zatio
n 
frame 
98 
comp
lete!
[25.0
5.20
21 | 
14:3
7:45] 
Binari
zatio
n 
frame 
99 
comp
lete!
[25.0
5.20
21 | 
14:3
7:45] 
Binari
zatio
n 
frame 
100 
comp
lete!
[25.0
5.20
21 | 
14:3
7:45] 
Binari
zatio
n 
frame 
101 
comp
lete!
[25.0
5.20
21 | 
14:3
7:45] 
Binari
zatio
n 
frame 
102 
comp
lete!
[25.0
5.20
21 | 
14:3
7:45] 
Binari
zatio
n 
frame 
103 
comp
lete!
[25.0
5.20
21 | 
14:3
7:45] 
Binari
zatio
n 
frame 
104 
comp
lete!
[25.0
5.20
21 | 
14:3
7:45] 
Binari
zatio
n 
frame 
105 
comp
lete!
[25.0
5.20
21 | 
14:3
7:45] 
Binari
zatio
n 
frame 
106 
comp
lete!
[25.0
5.20
21 | 
14:3
7:45] 
Binari
zatio
n 
frame 
107 
comp
lete!
[25.0
5.20
21 | 
14:3
7:45] 
Binari
zatio
n 
frame 
108 
comp
lete!
[25.0
5.20
21 | 
14:3
7:45] 
Binari
zatio
n 
frame 
109 
comp
lete!
[25.0
5.20
21 | 
14:3
7:45] 
Binari
zatio
n 
frame 
110 
comp
lete!
[25.0
5.20
21 | 
14:3
7:45] 
Binari
zatio
n 
frame 
111 
comp
lete!
[25.0
5.20
21 | 
14:3
7:45] 
Binari
zatio
n 
frame 
112 
comp
lete!
[25.0
5.20
21 | 
14:3
7:45] 
Binari
zatio
n 
frame 
113 
comp
lete!
[25.0
5.20
21 | 
14:3
7:45] 
Binari
zatio
n 
frame 
114 
comp
lete!
[25.0
5.20
21 | 
14:3
7:45] 
Binari
zatio
n 
frame 
115 
comp
lete!
[25.0
5.20
21 | 
14:3
7:45] 
Binari
zatio
n 
frame 
116 
comp
lete!
[25.0
5.20
21 | 
14:3
7:45] 
Binari
zatio
n 
frame 
117 
comp
lete!
[25.0
5.20
21 | 
14:3
7:45] 
Binari
zatio
n 
frame 
118 
comp
lete!
[25.0
5.20
21 | 
14:3
7:45] 
Binari
zatio
n 
frame 
119 
comp
lete!
[25.0
5.20
21 | 
14:3
7:45] 
Binari
zatio
n 
frame 
120 
comp
lete!
[25.0
5.20
21 | 
14:3
7:45] 
Binari
zatio
n 
frame 
121 
comp
lete!
[25.0
5.20
21 | 
14:3
7:45] 
Binari
zatio
n 
frame 
122 
comp
lete!
[25.0
5.20
21 | 
14:3
7:45] 
Binari
zatio
n 
frame 
123 
comp
lete!
[25.0
5.20
21 | 
14:3
7:45] 
Binari
zatio
n 
frame 
124 
comp
lete!
[25.0
5.20
21 | 
14:3
7:45] 
Binari
zatio
n 
frame 
125 
comp
lete!
[25.0
5.20
21 | 
14:3
7:45] 
Binari
zatio
n 
frame 
126 
comp
lete!
[25.0
5.20
21 | 
14:3
7:45] 
Binari
zatio
n 
frame 
127 
comp
lete!
[25.0
5.20
21 | 
14:3
7:45] 
Binari
zatio
n 
frame 
128 
comp
lete!
[25.0
5.20
21 | 
14:3
7:45] 
Binari
zatio
n 
frame 
129 
comp
lete!
[25.0
5.20
21 | 
14:3
7:45] 
Binari
zatio
n 
frame 
130 
comp
lete!
[25.0
5.20
21 | 
14:3
7:45] 
Binari
zatio
n 
frame 
131 
comp
lete!
[25.0
5.20
21 | 
14:3
7:45] 
Binari
zatio
n 
frame 
132 
comp
lete!
[25.0
5.20
21 | 
14:3
7:45] 
Binari
zatio
n 
frame 
133 
comp
lete!
[25.0
5.20
21 | 
14:3
7:45] 
Binari
zatio
n 
frame 
134 
comp
lete!
[25.0
5.20
21 | 
14:3
7:45] 
Binari
zatio
n 
frame 
135 
comp
lete!
[25.0
5.20
21 | 
14:3
7:45] 
Binari
zatio
n 
frame 
136 
comp
lete!
[25.0
5.20
21 | 
14:3
7:45] 
Binari
zatio
n 
frame 
137 
comp
lete!
[25.0
5.20
21 | 
14:3
7:45] 
Binari
zatio
n 
frame 
138 
comp
lete!
[25.0
5.20
21 | 
14:3
7:45] 
Binari
zatio
n 
frame 
139 
comp
lete!
[25.0
5.20
21 | 
14:3
7:45] 
Binari
zatio
n 
frame 
140 
comp
lete!
[25.0
5.20
21 | 
14:3
7:45] 
Binari
zatio
n 
frame 
141 
comp
lete!
[25.0
5.20
21 | 
14:3
7:45] 
Binari
zatio
n 
frame 
142 
comp
lete!
[25.0
5.20
21 | 
14:3
7:45] 
Binari
zatio
n 
frame 
143 
comp
lete!
[25.0
5.20
21 | 
14:3
7:45] 
Binari
zatio
n 
frame 
144 
comp
lete!
[25.0
5.20
21 | 
14:3
7:45] 
Binari
zatio
n 
frame 
145 
comp
lete!
[25.0
5.20
21 | 
14:3
7:45] 
Binari
zatio
n 
frame 
146 
comp
lete!
[25.0
5.20
21 | 
14:3
7:45] 
Binari
zatio
n 
frame 
147 
comp
lete!
[25.0
5.20
21 | 
14:3
7:45] 
Binari
zatio
n 
frame 
148 
comp
lete!
[25.0
5.20
21 | 
14:3
7:45] 
Binari
zatio
n 
frame 
149 
comp
lete!
[25.0
5.20
21 | 
14:3
7:45] 
Binari
zatio
n 
frame 
150 
comp
lete!
[25.0
5.20
21 | 
14:3
7:45] 
Binari
zatio
n is 
done
! 
Time 
spent
: 
369m
s
[25.0
5.20
21 | 
14:3
7:45] 
Binari
zatio
n 
frame 
0 
comp
lete!
[25.0
5.20
21 | 
14:3
7:45] 
Binari
zatio
n 
frame 
1 
comp
lete!
[25.0
5.20
21 | 
14:3
7:45] 
Binari
zatio
n 
frame 
2 
comp
lete!
[25.0
5.20
21 | 
14:3
7:45] 
Binari
zatio
n 
frame 
3 
comp
lete!
[25.0
5.20
21 | 
14:3
7:45] 
Binari
zatio
n 
frame 
4 
comp
lete!
[25.0
5.20
21 | 
14:3
7:45] 
Binari
zatio
n 
frame 
5 
comp
lete!
[25.0
5.20
21 | 
14:3
7:45] 
Binari
zatio
n 
frame 
6 
comp
lete!
[25.0
5.20
21 | 
14:3
7:45] 
Binari
zatio
n 
frame 
7 
comp
lete!
[25.0
5.20
21 | 
14:3
7:45] 
Binari
zatio
n 
frame 
8 
comp
lete!
[25.0
5.20
21 | 
14:3
7:45] 
Binari
zatio
n 
frame 
9 
comp
lete!
[25.0
5.20
21 | 
14:3
7:45] 
Binari
zatio
n 
frame 
10 
comp
lete!
[25.0
5.20
21 | 
14:3
7:45] 
Binari
zatio
n 
frame 
11 
comp
lete!
[25.0
5.20
21 | 
14:3
7:45] 
Binari
zatio
n 
frame 
12 
comp
lete!
[25.0
5.20
21 | 
14:3
7:45] 
Binari
zatio
n 
frame 
13 
comp
lete!
[25.0
5.20
21 | 
14:3
7:45] 
Binari
zatio
n 
frame 
14 
comp
lete!
[25.0
5.20
21 | 
14:3
7:45] 
Binari
zatio
n 
frame 
15 
comp
lete!
[25.0
5.20
21 | 
14:3
7:45] 
Binari
zatio
n 
frame 
16 
comp
lete!
[25.0
5.20
21 | 
14:3
7:45] 
Binari
zatio
n 
frame 
17 
comp
lete!
[25.0
5.20
21 | 
14:3
7:45] 
Binari
zatio
n 
frame 
18 
comp
lete!
[25.0
5.20
21 | 
14:3
7:45] 
Binari
zatio
n 
frame 
19 
comp
lete!
[25.0
5.20
21 | 
14:3
7:45] 
Binari
zatio
n 
frame 
20 
comp
lete!
[25.0
5.20
21 | 
14:3
7:45] 
Binari
zatio
n 
frame 
21 
comp
lete!
[25.0
5.20
21 | 
14:3
7:45] 
Binari
zatio
n 
frame 
22 
comp
lete!
[25.0
5.20
21 | 
14:3
7:45] 
Binari
zatio
n 
frame 
23 
comp
lete!
[25.0
5.20
21 | 
14:3
7:45] 
Binari
zatio
n 
frame 
24 
comp
lete!
[25.0
5.20
21 | 
14:3
7:45] 
Binari
zatio
n 
frame 
25 
comp
lete!
[25.0
5.20
21 | 
14:3
7:45] 
Binari
zatio
n 
frame 
26 
comp
lete!
[25.0
5.20
21 | 
14:3
7:45] 
Binari
zatio
n 
frame 
27 
comp
lete!
[25.0
5.20
21 | 
14:3
7:45] 
Binari
zatio
n 
frame 
28 
comp
lete!
[25.0
5.20
21 | 
14:3
7:45] 
Binari
zatio
n 
frame 
29 
comp
lete!
[25.0
5.20
21 | 
14:3
7:45] 
Binari
zatio
n 
frame 
30 
comp
lete!
[25.0
5.20
21 | 
14:3
7:45] 
Binari
zatio
n 
frame 
31 
comp
lete!
[25.0
5.20
21 | 
14:3
7:45] 
Binari
zatio
n 
frame 
32 
comp
lete!
[25.0
5.20
21 | 
14:3
7:45] 
Binari
zatio
n 
frame 
33 
comp
lete!
[25.0
5.20
21 | 
14:3
7:45] 
Binari
zatio
n 
frame 
34 
comp
lete!
[25.0
5.20
21 | 
14:3
7:45] 
Binari
zatio
n 
frame 
35 
comp
lete!
[25.0
5.20
21 | 
14:3
7:45] 
Binari
zatio
n 
frame 
36 
comp
lete!
[25.0
5.20
21 | 
14:3
7:45] 
Binari
zatio
n 
frame 
37 
comp
lete!
[25.0
5.20
21 | 
14:3
7:45] 
Binari
zatio
n 
frame 
38 
comp
lete!
[25.0
5.20
21 | 
14:3
7:45] 
Binari
zatio
n 
frame 
39 
comp
lete!
[25.0
5.20
21 | 
14:3
7:45] 
Binari
zatio
n 
frame 
40 
comp
lete!
[25.0
5.20
21 | 
14:3
7:45] 
Binari
zatio
n 
frame 
41 
comp
lete!
[25.0
5.20
21 | 
14:3
7:45] 
Binari
zatio
n 
frame 
42 
comp
lete!
[25.0
5.20
21 | 
14:3
7:45] 
Binari
zatio
n 
frame 
43 
comp
lete!
[25.0
5.20
21 | 
14:3
7:45] 
Binari
zatio
n 
frame 
44 
comp
lete!
[25.0
5.20
21 | 
14:3
7:45] 
Binari
zatio
n 
frame 
45 
comp
lete!
[25.0
5.20
21 | 
14:3
7:45] 
Binari
zatio
n 
frame 
46 
comp
lete!
[25.0
5.20
21 | 
14:3
7:45] 
Binari
zatio
n 
frame 
47 
comp
lete!
[25.0
5.20
21 | 
14:3
7:45] 
Binari
zatio
n 
frame 
48 
comp
lete!
[25.0
5.20
21 | 
14:3
7:45] 
Binari
zatio
n 
frame 
49 
comp
lete!
[25.0
5.20
21 | 
14:3
7:45] 
Binari
zatio
n 
frame 
50 
comp
lete!
[25.0
5.20
21 | 
14:3
7:45] 
Binari
zatio
n 
frame 
51 
comp
lete!
[25.0
5.20
21 | 
14:3
7:45] 
Binari
zatio
n 
frame 
52 
comp
lete!
[25.0
5.20
21 | 
14:3
7:45] 
Binari
zatio
n 
frame 
53 
comp
lete!
[25.0
5.20
21 | 
14:3
7:45] 
Binari
zatio
n 
frame 
54 
comp
lete!
[25.0
5.20
21 | 
14:3
7:45] 
Binari
zatio
n 
frame 
55 
comp
lete!
[25.0
5.20
21 | 
14:3
7:45] 
Binari
zatio
n 
frame 
56 
comp
lete!
[25.0
5.20
21 | 
14:3
7:45] 
Binari
zatio
n 
frame 
57 
comp
lete!
[25.0
5.20
21 | 
14:3
7:45] 
Binari
zatio
n 
frame 
58 
comp
lete!
[25.0
5.20
21 | 
14:3
7:45] 
Binari
zatio
n 
frame 
59 
comp
lete!
[25.0
5.20
21 | 
14:3
7:45] 
Binari
zatio
n 
frame 
60 
comp
lete!
[25.0
5.20
21 | 
14:3
7:45] 
Binari
zatio
n 
frame 
61 
comp
lete!
[25.0
5.20
21 | 
14:3
7:45] 
Binari
zatio
n 
frame 
62 
comp
lete!
[25.0
5.20
21 | 
14:3
7:45] 
Binari
zatio
n 
frame 
63 
comp
lete!
[25.0
5.20
21 | 
14:3
7:45] 
Binari
zatio
n 
frame 
64 
comp
lete!
[25.0
5.20
21 | 
14:3
7:45] 
Binari
zatio
n 
frame 
65 
comp
lete!
[25.0
5.20
21 | 
14:3
7:45] 
Binari
zatio
n 
frame 
66 
comp
lete!
[25.0
5.20
21 | 
14:3
7:45] 
Binari
zatio
n 
frame 
67 
comp
lete!
[25.0
5.20
21 | 
14:3
7:45] 
Binari
zatio
n 
frame 
68 
comp
lete!
[25.0
5.20
21 | 
14:3
7:45] 
Binari
zatio
n 
frame 
69 
comp
lete!
[25.0
5.20
21 | 
14:3
7:45] 
Binari
zatio
n 
frame 
70 
comp
lete!
[25.0
5.20
21 | 
14:3
7:45] 
Binari
zatio
n 
frame 
71 
comp
lete!
[25.0
5.20
21 | 
14:3
7:45] 
Binari
zatio
n 
frame 
72 
comp
lete!
[25.0
5.20
21 | 
14:3
7:45] 
Binari
zatio
n 
frame 
73 
comp
lete!
[25.0
5.20
21 | 
14:3
7:45] 
Binari
zatio
n 
frame 
74 
comp
lete!
[25.0
5.20
21 | 
14:3
7:45] 
Binari
zatio
n 
frame 
75 
comp
lete!
[25.0
5.20
21 | 
14:3
7:45] 
Binari
zatio
n 
frame 
76 
comp
lete!
[25.0
5.20
21 | 
14:3
7:45] 
Binari
zatio
n 
frame 
77 
comp
lete!
[25.0
5.20
21 | 
14:3
7:45] 
Binari
zatio
n 
frame 
78 
comp
lete!
[25.0
5.20
21 | 
14:3
7:45] 
Binari
zatio
n 
frame 
79 
comp
lete!
[25.0
5.20
21 | 
14:3
7:45] 
Binari
zatio
n 
frame 
80 
comp
lete!
[25.0
5.20
21 | 
14:3
7:45] 
Binari
zatio
n 
frame 
81 
comp
lete!
[25.0
5.20
21 | 
14:3
7:45] 
Binari
zatio
n 
frame 
82 
comp
lete!
[25.0
5.20
21 | 
14:3
7:45] 
Binari
zatio
n 
frame 
83 
comp
lete!
[25.0
5.20
21 | 
14:3
7:45] 
Binari
zatio
n 
frame 
84 
comp
lete!
[25.0
5.20
21 | 
14:3
7:45] 
Binari
zatio
n 
frame 
85 
comp
lete!
[25.0
5.20
21 | 
14:3
7:45] 
Binari
zatio
n 
frame 
86 
comp
lete!
[25.0
5.20
21 | 
14:3
7:45] 
Binari
zatio
n 
frame 
87 
comp
lete!
[25.0
5.20
21 | 
14:3
7:45] 
Binari
zatio
n 
frame 
88 
comp
lete!
[25.0
5.20
21 | 
14:3
7:45] 
Binari
zatio
n 
frame 
89 
comp
lete!
[25.0
5.20
21 | 
14:3
7:45] 
Binari
zatio
n 
frame 
90 
comp
lete!
[25.0
5.20
21 | 
14:3
7:45] 
Binari
zatio
n 
frame 
91 
comp
lete!
[25.0
5.20
21 | 
14:3
7:45] 
Binari
zatio
n 
frame 
92 
comp
lete!
[25.0
5.20
21 | 
14:3
7:45] 
Binari
zatio
n 
frame 
93 
comp
lete!
[25.0
5.20
21 | 
14:3
7:45] 
Binari
zatio
n 
frame 
94 
comp
lete!
[25.0
5.20
21 | 
14:3
7:45] 
Binari
zatio
n 
frame 
95 
comp
lete!
[25.0
5.20
21 | 
14:3
7:45] 
Binari
zatio
n 
frame 
96 
comp
lete!
[25.0
5.20
21 | 
14:3
7:45] 
Binari
zatio
n 
frame 
97 
comp
lete!
[25.0
5.20
21 | 
14:3
7:45] 
Binari
zatio
n 
frame 
98 
comp
lete!
[25.0
5.20
21 | 
14:3
7:45] 
Binari
zatio
n 
frame 
99 
comp
lete!
[25.0
5.20
21 | 
14:3
7:45] 
Binari
zatio
n 
frame 
100 
comp
lete!
[25.0
5.20
21 | 
14:3
7:45] 
Binari
zatio
n 
frame 
101 
comp
lete!
[25.0
5.20
21 | 
14:3
7:45] 
Binari
zatio
n 
frame 
102 
comp
lete!
[25.0
5.20
21 | 
14:3
7:45] 
Binari
zatio
n 
frame 
103 
comp
lete!
[25.0
5.20
21 | 
14:3
7:45] 
Binari
zatio
n 
frame 
104 
comp
lete!
[25.0
5.20
21 | 
14:3
7:45] 
Binari
zatio
n 
frame 
105 
comp
lete!
[25.0
5.20
21 | 
14:3
7:45] 
Binari
zatio
n 
frame 
106 
comp
lete!
[25.0
5.20
21 | 
14:3
7:45] 
Binari
zatio
n 
frame 
107 
comp
lete!
[25.0
5.20
21 | 
14:3
7:45] 
Binari
zatio
n 
frame 
108 
comp
lete!
[25.0
5.20
21 | 
14:3
7:45] 
Binari
zatio
n 
frame 
109 
comp
lete!
[25.0
5.20
21 | 
14:3
7:45] 
Binari
zatio
n 
frame 
110 
comp
lete!
[25.0
5.20
21 | 
14:3
7:45] 
Binari
zatio
n 
frame 
111 
comp
lete!
[25.0
5.20
21 | 
14:3
7:45] 
Binari
zatio
n 
frame 
112 
comp
lete!
[25.0
5.20
21 | 
14:3
7:45] 
Binari
zatio
n 
frame 
113 
comp
lete!
[25.0
5.20
21 | 
14:3
7:45] 
Binari
zatio
n 
frame 
114 
comp
lete!
[25.0
5.20
21 | 
14:3
7:45] 
Binari
zatio
n 
frame 
115 
comp
lete!
[25.0
5.20
21 | 
14:3
7:45] 
Binari
zatio
n 
frame 
116 
comp
lete!
[25.0
5.20
21 | 
14:3
7:45] 
Binari
zatio
n 
frame 
117 
comp
lete!
[25.0
5.20
21 | 
14:3
7:45] 
Binari
zatio
n 
frame 
118 
comp
lete!
[25.0
5.20
21 | 
14:3
7:45] 
Binari
zatio
n 
frame 
119 
comp
lete!
[25.0
5.20
21 | 
14:3
7:45] 
Binari
zatio
n 
frame 
120 
comp
lete!
[25.0
5.20
21 | 
14:3
7:45] 
Binari
zatio
n 
frame 
121 
comp
lete!
[25.0
5.20
21 | 
14:3
7:45] 
Binari
zatio
n 
frame 
122 
comp
lete!
[25.0
5.20
21 | 
14:3
7:45] 
Binari
zatio
n 
frame 
123 
comp
lete!
[25.0
5.20
21 | 
14:3
7:45] 
Binari
zatio
n 
frame 
124 
comp
lete!
[25.0
5.20
21 | 
14:3
7:45] 
Binari
zatio
n 
frame 
125 
comp
lete!
[25.0
5.20
21 | 
14:3
7:45] 
Binari
zatio
n 
frame 
126 
comp
lete!
[25.0
5.20
21 | 
14:3
7:45] 
Binari
zatio
n 
frame 
127 
comp
lete!
[25.0
5.20
21 | 
14:3
7:45] 
Binari
zatio
n 
frame 
128 
comp
lete!
[25.0
5.20
21 | 
14:3
7:45] 
Binari
zatio
n 
frame 
129 
comp
lete!
[25.0
5.20
21 | 
14:3
7:45] 
Binari
zatio
n 
frame 
130 
comp
lete!
[25.0
5.20
21 | 
14:3
7:45] 
Binari
zatio
n 
frame 
131 
comp
lete!
[25.0
5.20
21 | 
14:3
7:45] 
Binari
zatio
n 
frame 
132 
comp
lete!
[25.0
5.20
21 | 
14:3
7:45] 
Binari
zatio
n 
frame 
133 
comp
lete!
[25.0
5.20
21 | 
14:3
7:45] 
Binari
zatio
n 
frame 
134 
comp
lete!
[25.0
5.20
21 | 
14:3
7:45] 
Binari
zatio
n 
frame 
135 
comp
lete!
[25.0
5.20
21 | 
14:3
7:45] 
Binari
zatio
n 
frame 
136 
comp
lete!
[25.0
5.20
21 | 
14:3
7:45] 
Binari
zatio
n 
frame 
137 
comp
lete!
[25.0
5.20
21 | 
14:3
7:45] 
Binari
zatio
n 
frame 
138 
comp
lete!
[25.0
5.20
21 | 
14:3
7:45] 
Binari
zatio
n 
frame 
139 
comp
lete!
[25.0
5.20
21 | 
14:3
7:45] 
Binari
zatio
n 
frame 
140 
comp
lete!
[25.0
5.20
21 | 
14:3
7:45] 
Binari
zatio
n 
frame 
141 
comp
lete!
[25.0
5.20
21 | 
14:3
7:45] 
Binari
zatio
n 
frame 
142 
comp
lete!
[25.0
5.20
21 | 
14:3
7:45] 
Binari
zatio
n 
frame 
143 
comp
lete!
[25.0
5.20
21 | 
14:3
7:45] 
Binari
zatio
n 
frame 
144 
comp
lete!
[25.0
5.20
21 | 
14:3
7:45] 
Binari
zatio
n 
frame 
145 
comp
lete!
[25.0
5.20
21 | 
14:3
7:45] 
Binari
zatio
n 
frame 
146 
comp
lete!
[25.0
5.20
21 | 
14:3
7:45] 
Binari
zatio
n 
frame 
147 
comp
lete!
[25.0
5.20
21 | 
14:3
7:45] 
Binari
zatio
n 
frame 
148 
comp
lete!
[25.0
5.20
21 | 
14:3
7:45] 
Binari
zatio
n 
frame 
149 
comp
lete!
[25.0
5.20
21 | 
14:3
7:45] 
Binari
zatio
n 
frame 
150 
comp
lete!
[25.0
5.20
21 | 
14:3
7:45] 
Binari
zatio
n is 
done
! 
Time 
spent
: 
340m
s
[25.0
5.20
21 | 
14:3
7:45] 
Calc
ulatio
n 
frame 
0 
comp
lete!
[25.0
5.20
21 | 
14:3
7:45] 
Calc
ulatio
n 
frame 
1 
comp
lete!
[25.0
5.20
21 | 
14:3
7:45] 
Calc
ulatio
n 
frame 
2 
comp
lete!
[25.0
5.20
21 | 
14:3
7:45] 
Calc
ulatio
n 
frame 
3 
comp
lete!
[25.0
5.20
21 | 
14:3
7:45] 
Calc
ulatio
n 
frame 
4 
comp
lete!
[25.0
5.20
21 | 
14:3
7:45] 
Calc
ulatio
n 
frame 
5 
comp
lete!
[25.0
5.20
21 | 
14:3
7:45] 
Calc
ulatio
n 
frame 
6 
comp
lete!
[25.0
5.20
21 | 
14:3
7:45] 
Calc
ulatio
n 
frame 
7 
comp
lete!
[25.0
5.20
21 | 
14:3
7:45] 
Calc
ulatio
n 
frame 
8 
comp
lete!
[25.0
5.20
21 | 
14:3
7:45] 
Calc
ulatio
n 
frame 
9 
comp
lete!
[25.0
5.20
21 | 
14:3
7:45] 
Calc
ulatio
n 
frame 
10 
comp
lete!
[25.0
5.20
21 | 
14:3
7:45] 
Calc
ulatio
n 
frame 
11 
comp
lete!
[25.0
5.20
21 | 
14:3
7:45] 
Calc
ulatio
n 
frame 
12 
comp
lete!
[25.0
5.20
21 | 
14:3
7:45] 
Calc
ulatio
n 
frame 
13 
comp
lete!
[25.0
5.20
21 | 
14:3
7:45] 
Calc
ulatio
n 
frame 
14 
comp
lete!
[25.0
5.20
21 | 
14:3
7:45] 
Calc
ulatio
n 
frame 
15 
comp
lete!
[25.0
5.20
21 | 
14:3
7:45] 
Calc
ulatio
n 
frame 
16 
comp
lete!
[25.0
5.20
21 | 
14:3
7:45] 
Calc
ulatio
n 
frame 
17 
comp
lete!
[25.0
5.20
21 | 
14:3
7:45] 
Calc
ulatio
n 
frame 
18 
comp
lete!
[25.0
5.20
21 | 
14:3
7:45] 
Calc
ulatio
n 
frame 
19 
comp
lete!
[25.0
5.20
21 | 
14:3
7:45] 
Calc
ulatio
n 
frame 
20 
comp
lete!
[25.0
5.20
21 | 
14:3
7:45] 
Calc
ulatio
n 
frame 
21 
comp
lete!
[25.0
5.20
21 | 
14:3
7:45] 
Calc
ulatio
n 
frame 
22 
comp
lete!
[25.0
5.20
21 | 
14:3
7:45] 
Calc
ulatio
n 
frame 
23 
comp
lete!
[25.0
5.20
21 | 
14:3
7:45] 
Calc
ulatio
n 
frame 
24 
comp
lete!
[25.0
5.20
21 | 
14:3
7:45] 
Calc
ulatio
n 
frame 
25 
comp
lete!
[25.0
5.20
21 | 
14:3
7:45] 
Calc
ulatio
n 
frame 
26 
comp
lete!
[25.0
5.20
21 | 
14:3
7:45] 
Calc
ulatio
n 
frame 
27 
comp
lete!
[25.0
5.20
21 | 
14:3
7:45] 
Calc
ulatio
n 
frame 
28 
comp
lete!
[25.0
5.20
21 | 
14:3
7:45] 
Calc
ulatio
n 
frame 
29 
comp
lete!
[25.0
5.20
21 | 
14:3
7:45] 
Calc
ulatio
n 
frame 
30 
comp
lete!
[25.0
5.20
21 | 
14:3
7:45] 
Calc
ulatio
n 
frame 
31 
comp
lete!
[25.0
5.20
21 | 
14:3
7:45] 
Calc
ulatio
n 
frame 
32 
comp
lete!
[25.0
5.20
21 | 
14:3
7:45] 
Calc
ulatio
n 
frame 
33 
comp
lete!
[25.0
5.20
21 | 
14:3
7:45] 
Calc
ulatio
n 
frame 
34 
comp
lete!
[25.0
5.20
21 | 
14:3
7:45] 
Calc
ulatio
n 
frame 
35 
comp
lete!
[25.0
5.20
21 | 
14:3
7:45] 
Calc
ulatio
n 
frame 
36 
comp
lete!
[25.0
5.20
21 | 
14:3
7:45] 
Calc
ulatio
n 
frame 
37 
comp
lete!
[25.0
5.20
21 | 
14:3
7:45] 
Calc
ulatio
n 
frame 
38 
comp
lete!
[25.0
5.20
21 | 
14:3
7:45] 
Calc
ulatio
n 
frame 
39 
comp
lete!
[25.0
5.20
21 | 
14:3
7:45] 
Calc
ulatio
n 
frame 
40 
comp
lete!
[25.0
5.20
21 | 
14:3
7:45] 
Calc
ulatio
n 
frame 
41 
comp
lete!
[25.0
5.20
21 | 
14:3
7:45] 
Calc
ulatio
n 
frame 
42 
comp
lete!
[25.0
5.20
21 | 
14:3
7:45] 
Calc
ulatio
n 
frame 
43 
comp
lete!
[25.0
5.20
21 | 
14:3
7:45] 
Calc
ulatio
n 
frame 
44 
comp
lete!
[25.0
5.20
21 | 
14:3
7:45] 
Calc
ulatio
n 
frame 
45 
comp
lete!
[25.0
5.20
21 | 
14:3
7:45] 
Calc
ulatio
n 
frame 
46 
comp
lete!
[25.0
5.20
21 | 
14:3
7:45] 
Calc
ulatio
n 
frame 
47 
comp
lete!
[25.0
5.20
21 | 
14:3
7:45] 
Calc
ulatio
n 
frame 
48 
comp
lete!
[25.0
5.20
21 | 
14:3
7:45] 
Calc
ulatio
n 
frame 
49 
comp
lete!
[25.0
5.20
21 | 
14:3
7:45] 
Calc
ulatio
n 
frame 
50 
comp
lete!
[25.0
5.20
21 | 
14:3
7:45] 
Calc
ulatio
n 
frame 
51 
comp
lete!
[25.0
5.20
21 | 
14:3
7:45] 
Calc
ulatio
n 
frame 
52 
comp
lete!
[25.0
5.20
21 | 
14:3
7:45] 
Calc
ulatio
n 
frame 
53 
comp
lete!
[25.0
5.20
21 | 
14:3
7:45] 
Calc
ulatio
n 
frame 
54 
comp
lete!
[25.0
5.20
21 | 
14:3
7:45] 
Calc
ulatio
n 
frame 
55 
comp
lete!
[25.0
5.20
21 | 
14:3
7:45] 
Calc
ulatio
n 
frame 
56 
comp
lete!
[25.0
5.20
21 | 
14:3
7:45] 
Calc
ulatio
n 
frame 
57 
comp
lete!
[25.0
5.20
21 | 
14:3
7:45] 
Calc
ulatio
n 
frame 
58 
comp
lete!
[25.0
5.20
21 | 
14:3
7:45] 
Calc
ulatio
n 
frame 
59 
comp
lete!
[25.0
5.20
21 | 
14:3
7:45] 
Calc
ulatio
n 
frame 
60 
comp
lete!
[25.0
5.20
21 | 
14:3
7:45] 
Calc
ulatio
n 
frame 
61 
comp
lete!
[25.0
5.20
21 | 
14:3
7:45] 
Calc
ulatio
n 
frame 
62 
comp
lete!
[25.0
5.20
21 | 
14:3
7:45] 
Calc
ulatio
n 
frame 
63 
comp
lete!
[25.0
5.20
21 | 
14:3
7:45] 
Calc
ulatio
n 
frame 
64 
comp
lete!
[25.0
5.20
21 | 
14:3
7:45] 
Calc
ulatio
n 
frame 
65 
comp
lete!
[25.0
5.20
21 | 
14:3
7:45] 
Calc
ulatio
n 
frame 
66 
comp
lete!
[25.0
5.20
21 | 
14:3
7:45] 
Calc
ulatio
n 
frame 
67 
comp
lete!
[25.0
5.20
21 | 
14:3
7:45] 
Calc
ulatio
n 
frame 
68 
comp
lete!
[25.0
5.20
21 | 
14:3
7:45] 
Calc
ulatio
n 
frame 
69 
comp
lete!
[25.0
5.20
21 | 
14:3
7:45] 
Calc
ulatio
n 
frame 
70 
comp
lete!
[25.0
5.20
21 | 
14:3
7:45] 
Calc
ulatio
n 
frame 
71 
comp
lete!
[25.0
5.20
21 | 
14:3
7:45] 
Calc
ulatio
n 
frame 
72 
comp
lete!
[25.0
5.20
21 | 
14:3
7:45] 
Calc
ulatio
n 
frame 
73 
comp
lete!
[25.0
5.20
21 | 
14:3
7:45] 
Calc
ulatio
n 
frame 
74 
comp
lete!
[25.0
5.20
21 | 
14:3
7:45] 
Calc
ulatio
n 
frame 
75 
comp
lete!
[25.0
5.20
21 | 
14:3
7:45] 
Calc
ulatio
n 
frame 
76 
comp
lete!
[25.0
5.20
21 | 
14:3
7:45] 
Calc
ulatio
n 
frame 
77 
comp
lete!
[25.0
5.20
21 | 
14:3
7:45] 
Calc
ulatio
n 
frame 
78 
comp
lete!
[25.0
5.20
21 | 
14:3
7:45] 
Calc
ulatio
n 
frame 
79 
comp
lete!
[25.0
5.20
21 | 
14:3
7:45] 
Calc
ulatio
n 
frame 
80 
comp
lete!
[25.0
5.20
21 | 
14:3
7:45] 
Calc
ulatio
n 
frame 
81 
comp
lete!
[25.0
5.20
21 | 
14:3
7:45] 
Calc
ulatio
n 
frame 
82 
comp
lete!
[25.0
5.20
21 | 
14:3
7:45] 
Calc
ulatio
n 
frame 
83 
comp
lete!
[25.0
5.20
21 | 
14:3
7:45] 
Calc
ulatio
n 
frame 
84 
comp
lete!
[25.0
5.20
21 | 
14:3
7:45] 
Calc
ulatio
n 
frame 
85 
comp
lete!
[25.0
5.20
21 | 
14:3
7:45] 
Calc
ulatio
n 
frame 
86 
comp
lete!
[25.0
5.20
21 | 
14:3
7:45] 
Calc
ulatio
n 
frame 
87 
comp
lete!
[25.0
5.20
21 | 
14:3
7:45] 
Calc
ulatio
n 
frame 
88 
comp
lete!
[25.0
5.20
21 | 
14:3
7:45] 
Calc
ulatio
n 
frame 
89 
comp
lete!
[25.0
5.20
21 | 
14:3
7:45] 
Calc
ulatio
n 
frame 
90 
comp
lete!
[25.0
5.20
21 | 
14:3
7:45] 
Calc
ulatio
n 
frame 
91 
comp
lete!
[25.0
5.20
21 | 
14:3
7:45] 
Calc
ulatio
n 
frame 
92 
comp
lete!
[25.0
5.20
21 | 
14:3
7:45] 
Calc
ulatio
n 
frame 
93 
comp
lete!
[25.0
5.20
21 | 
14:3
7:45] 
Calc
ulatio
n 
frame 
94 
comp
lete!
[25.0
5.20
21 | 
14:3
7:45] 
Calc
ulatio
n 
frame 
95 
comp
lete!
[25.0
5.20
21 | 
14:3
7:45] 
Calc
ulatio
n 
frame 
96 
comp
lete!
[25.0
5.20
21 | 
14:3
7:45] 
Calc
ulatio
n 
frame 
97 
comp
lete!
[25.0
5.20
21 | 
14:3
7:45] 
Calc
ulatio
n 
frame 
98 
comp
lete!
[25.0
5.20
21 | 
14:3
7:45] 
Calc
ulatio
n 
frame 
99 
comp
lete!
[25.0
5.20
21 | 
14:3
7:45] 
Calc
ulatio
n 
frame 
100 
comp
lete!
[25.0
5.20
21 | 
14:3
7:45] 
Calc
ulatio
n 
frame 
101 
comp
lete!
[25.0
5.20
21 | 
14:3
7:45] 
Calc
ulatio
n 
frame 
102 
comp
lete!
[25.0
5.20
21 | 
14:3
7:45] 
Calc
ulatio
n 
frame 
103 
comp
lete!
[25.0
5.20
21 | 
14:3
7:45] 
Calc
ulatio
n 
frame 
104 
comp
lete!
[25.0
5.20
21 | 
14:3
7:45] 
Calc
ulatio
n 
frame 
105 
comp
lete!
[25.0
5.20
21 | 
14:3
7:45] 
Calc
ulatio
n 
frame 
106 
comp
lete!
[25.0
5.20
21 | 
14:3
7:45] 
Calc
ulatio
n 
frame 
107 
comp
lete!
[25.0
5.20
21 | 
14:3
7:45] 
Calc
ulatio
n 
frame 
108 
comp
lete!
[25.0
5.20
21 | 
14:3
7:45] 
Calc
ulatio
n 
frame 
109 
comp
lete!
[25.0
5.20
21 | 
14:3
7:45] 
Calc
ulatio
n 
frame 
110 
comp
lete!
[25.0
5.20
21 | 
14:3
7:45] 
Calc
ulatio
n 
frame 
111 
comp
lete!
[25.0
5.20
21 | 
14:3
7:45] 
Calc
ulatio
n 
frame 
112 
comp
lete!
[25.0
5.20
21 | 
14:3
7:45] 
Calc
ulatio
n 
frame 
113 
comp
lete!
[25.0
5.20
21 | 
14:3
7:45] 
Calc
ulatio
n 
frame 
114 
comp
lete!
[25.0
5.20
21 | 
14:3
7:45] 
Calc
ulatio
n 
frame 
115 
comp
lete!
[25.0
5.20
21 | 
14:3
7:45] 
Calc
ulatio
n 
frame 
116 
comp
lete!
[25.0
5.20
21 | 
14:3
7:45] 
Calc
ulatio
n 
frame 
117 
comp
lete!
[25.0
5.20
21 | 
14:3
7:45] 
Calc
ulatio
n 
frame 
118 
comp
lete!
[25.0
5.20
21 | 
14:3
7:45] 
Calc
ulatio
n 
frame 
119 
comp
lete!
[25.0
5.20
21 | 
14:3
7:45] 
Calc
ulatio
n 
frame 
120 
comp
lete!
[25.0
5.20
21 | 
14:3
7:45] 
Calc
ulatio
n 
frame 
121 
comp
lete!
[25.0
5.20
21 | 
14:3
7:45] 
Calc
ulatio
n 
frame 
122 
comp
lete!
[25.0
5.20
21 | 
14:3
7:45] 
Calc
ulatio
n 
frame 
123 
comp
lete!
[25.0
5.20
21 | 
14:3
7:45] 
Calc
ulatio
n 
frame 
124 
comp
lete!
[25.0
5.20
21 | 
14:3
7:45] 
Calc
ulatio
n 
frame 
125 
comp
lete!
[25.0
5.20
21 | 
14:3
7:45] 
Calc
ulatio
n 
frame 
126 
comp
lete!
[25.0
5.20
21 | 
14:3
7:45] 
Calc
ulatio
n 
frame 
127 
comp
lete!
[25.0
5.20
21 | 
14:3
7:45] 
Calc
ulatio
n 
frame 
128 
comp
lete!
[25.0
5.20
21 | 
14:3
7:45] 
Calc
ulatio
n 
frame 
129 
comp
lete!
[25.0
5.20
21 | 
14:3
7:45] 
Calc
ulatio
n 
frame 
130 
comp
lete!
[25.0
5.20
21 | 
14:3
7:45] 
Calc
ulatio
n 
frame 
131 
comp
lete!
[25.0
5.20
21 | 
14:3
7:45] 
Calc
ulatio
n 
frame 
132 
comp
lete!
[25.0
5.20
21 | 
14:3
7:45] 
Calc
ulatio
n 
frame 
133 
comp
lete!
[25.0
5.20
21 | 
14:3
7:45] 
Calc
ulatio
n 
frame 
134 
comp
lete!
[25.0
5.20
21 | 
14:3
7:45] 
Calc
ulatio
n 
frame 
135 
comp
lete!
[25.0
5.20
21 | 
14:3
7:45] 
Calc
ulatio
n 
frame 
136 
comp
lete!
[25.0
5.20
21 | 
14:3
7:45] 
Calc
ulatio
n 
frame 
137 
comp
lete!
[25.0
5.20
21 | 
14:3
7:45] 
Calc
ulatio
n 
frame 
138 
comp
lete!
[25.0
5.20
21 | 
14:3
7:45] 
Calc
ulatio
n 
frame 
139 
comp
lete!
[25.0
5.20
21 | 
14:3
7:45] 
Calc
ulatio
n 
frame 
140 
comp
lete!
[25.0
5.20
21 | 
14:3
7:45] 
Calc
ulatio
n 
frame 
141 
comp
lete!
[25.0
5.20
21 | 
14:3
7:45] 
Calc
ulatio
n 
frame 
142 
comp
lete!
[25.0
5.20
21 | 
14:3
7:45] 
Calc
ulatio
n 
frame 
143 
comp
lete!
[25.0
5.20
21 | 
14:3
7:45] 
Calc
ulatio
n 
frame 
144 
comp
lete!
[25.0
5.20
21 | 
14:3
7:45] 
Calc
ulatio
n 
frame 
145 
comp
lete!
[25.0
5.20
21 | 
14:3
7:45] 
Calc
ulatio
n 
frame 
146 
comp
lete!
[25.0
5.20
21 | 
14:3
7:45] 
Calc
ulatio
n 
frame 
147 
comp
lete!
[25.0
5.20
21 | 
14:3
7:45] 
Calc
ulatio
n 
frame 
148 
comp
lete!
[25.0
5.20
21 | 
14:3
7:45] 
Calc
ulatio
n 
frame 
149 
comp
lete!
[25.0
5.20
21 | 
14:3
7:45] 
Calc
ulatio
n 
frame 
150 
comp
lete!
[25.0
5.20
21 | 
14:3
7:45] 
Calc
ulatio
n is 
done
! 
Time 
spent
: 
71ms
[25.0
5.20
21 | 
14:3
7:45] 
All 
frame
s 
save
d, 
coun
t: 
151
[25.0
5.20
21 | 
14:3
7:45] 
Save
d to 
dir: 
D:
\Por
ous 
Silico
n
\202
1\Vid
eo
\16\
C001
H001
S000
2\16
----------------------------------------
----------------------------------------
[25.0
5.20
21 | 
16:4
6:16] 
All 
frame
s 
loade
d, 
coun
t: 
151
----------------------------------------
